{"message":"\"firstName\" with value \"avinash\" fails to match the required pattern: /^[A-Z]{1}[A-Za-z]{2,}/","level":"error","timestamp":"2021-07-05T07:43:13.394Z"}
{"message":"\"email\" with value \"avinashgmail.com\" fails to match the required pattern: /^[a-zA-Z0-9.!#$%&'*+/=?^_`{|}~-]+@[a-zA-Z0-9-]+(?:.[a-zA-Z0-9-]+)*$/","level":"error","timestamp":"2021-07-05T07:43:39.449Z"}
{"message":"\"email\" with value \"avinashgmail.com\" fails to match the required pattern: /^[a-zA-Z0-9.!#$%&'*+/=?^_`{|}~-]+@[a-zA-Z0-9-]+(?:.[a-zA-Z0-9-]+)*$/","level":"error","timestamp":"2021-07-05T07:44:10.915Z"}
{"message":"\"firstName\" with value \"vivek\" fails to match the required pattern: /^[A-Z]{1}[A-Za-z]{2,}/","level":"error","timestamp":"2021-07-05T09:49:06.189Z"}
{"message":"\"lastName\" with value \"patil\" fails to match the required pattern: /^[A-Z]{1}[A-Za-z]{2,}/","level":"error","timestamp":"2021-07-05T09:49:06.195Z"}
{"message":"\"email\" with value \"patilgmail.com\" fails to match the required pattern: /^[a-zA-Z0-9.!#$%&'*+/=?^_`{|}~-]+@[a-zA-Z0-9-]+(?:.[a-zA-Z0-9-]+)*$/","level":"error","timestamp":"2021-07-05T09:49:06.201Z"}
{"message":"\"firstName\" with value \"vivek\" fails to match the required pattern: /^[A-Z]{1}[A-Za-z]{2,}/","level":"error","timestamp":"2021-07-05T09:50:37.218Z"}
{"message":"\"lastName\" with value \"patil\" fails to match the required pattern: /^[A-Z]{1}[A-Za-z]{2,}/","level":"error","timestamp":"2021-07-05T09:50:37.224Z"}
{"message":"\"email\" with value \"patilgmail.com\" fails to match the required pattern: /^[a-zA-Z0-9.!#$%&'*+/=?^_`{|}~-]+@[a-zA-Z0-9-]+(?:.[a-zA-Z0-9-]+)*$/","level":"error","timestamp":"2021-07-05T09:50:37.230Z"}
{"message":"\"firstName\" with value \"vivek\" fails to match the required pattern: /^[A-Z]{1}[A-Za-z]{2,}/","level":"error","timestamp":"2021-07-05T09:52:54.750Z"}
{"message":"\"lastName\" with value \"patil\" fails to match the required pattern: /^[A-Z]{1}[A-Za-z]{2,}/","level":"error","timestamp":"2021-07-05T09:52:54.758Z"}
{"message":"\"email\" with value \"patilgmail.com\" fails to match the required pattern: /^[a-zA-Z0-9.!#$%&'*+/=?^_`{|}~-]+@[a-zA-Z0-9-]+(?:.[a-zA-Z0-9-]+)*$/","level":"error","timestamp":"2021-07-05T09:52:54.765Z"}
{"message":"\"firstName\" with value \"vivek\" fails to match the required pattern: /^[A-Z]{1}[A-Za-z]{2,}/","level":"error","timestamp":"2021-07-05T09:57:50.904Z"}
{"message":"\"lastName\" with value \"patil\" fails to match the required pattern: /^[A-Z]{1}[A-Za-z]{2,}/","level":"error","timestamp":"2021-07-05T09:57:50.914Z"}
{"message":"\"email\" with value \"patilgmail.com\" fails to match the required pattern: /^[a-zA-Z0-9.!#$%&'*+/=?^_`{|}~-]+@[a-zA-Z0-9-]+(?:.[a-zA-Z0-9-]+)*$/","level":"error","timestamp":"2021-07-05T09:57:50.921Z"}
{"message":"\"firstName\" with value \"vivek\" fails to match the required pattern: /^[A-Z]{1}[A-Za-z]{2,}/","level":"error","timestamp":"2021-07-05T10:29:08.381Z"}
{"message":"\"lastName\" with value \"patil\" fails to match the required pattern: /^[A-Z]{1}[A-Za-z]{2,}/","level":"error","timestamp":"2021-07-05T10:29:08.388Z"}
{"message":"\"email\" with value \"patilgmail.com\" fails to match the required pattern: /^[a-zA-Z0-9.!#$%&'*+/=?^_`{|}~-]+@[a-zA-Z0-9-]+(?:.[a-zA-Z0-9-]+)*$/","level":"error","timestamp":"2021-07-05T10:29:08.396Z"}
{"message":"\"firstName\" with value \"vivek\" fails to match the required pattern: /^[A-Z]{1}[A-Za-z]{2,}/","level":"error","timestamp":"2021-07-05T10:34:39.488Z"}
{"message":"\"lastName\" with value \"patil\" fails to match the required pattern: /^[A-Z]{1}[A-Za-z]{2,}/","level":"error","timestamp":"2021-07-05T10:34:39.514Z"}
{"message":"\"firstName\" with value \"vivek\" fails to match the required pattern: /^[A-Z]{1}[A-Za-z]{2,}/","level":"error","timestamp":"2021-07-05T10:39:09.315Z"}
{"message":"\"lastName\" with value \"patil\" fails to match the required pattern: /^[A-Z]{1}[A-Za-z]{2,}/","level":"error","timestamp":"2021-07-05T10:39:09.341Z"}
{"message":"\"lastName\" with value \"patil\" fails to match the required pattern: /^[A-Z]{1}[A-Za-z]{2,}/","level":"error","timestamp":"2021-07-05T10:43:53.370Z"}
{"message":"\"email\" with value \"patilgmail.com\" fails to match the required pattern: /^[a-zA-Z0-9.!#$%&'*+/=?^_`{|}~-]+@[a-zA-Z0-9-]+(?:.[a-zA-Z0-9-]+)*$/","level":"error","timestamp":"2021-07-05T10:43:53.378Z"}
{"message":"\"lastName\" with value \"patil\" fails to match the required pattern: /^[A-Z]{1}[A-Za-z]{2,}/","level":"error","timestamp":"2021-07-05T10:59:57.760Z"}
{"message":"\"email\" with value \"patilgmail.com\" fails to match the required pattern: /^[a-zA-Z0-9.!#$%&'*+/=?^_`{|}~-]+@[a-zA-Z0-9-]+(?:.[a-zA-Z0-9-]+)*$/","level":"error","timestamp":"2021-07-05T10:59:57.766Z"}
{"message":"\"lastName\" with value \"patil\" fails to match the required pattern: /^[A-Z]{1}[A-Za-z]{2,}/","level":"error","timestamp":"2021-07-05T11:01:25.168Z"}
{"message":"\"email\" with value \"patilgmail.com\" fails to match the required pattern: /^[a-zA-Z0-9.!#$%&'*+/=?^_`{|}~-]+@[a-zA-Z0-9-]+(?:.[a-zA-Z0-9-]+)*$/","level":"error","timestamp":"2021-07-05T11:01:25.173Z"}
{"message":"\"firstName\" with value \"vivek\" fails to match the required pattern: /^[A-Z]{1}[A-Za-z]{2,}/","level":"error","timestamp":"2021-07-05T11:02:08.011Z"}
{"message":"\"lastName\" with value \"patil\" fails to match the required pattern: /^[A-Z]{1}[A-Za-z]{2,}/","level":"error","timestamp":"2021-07-05T11:02:08.019Z"}
{"message":"\"email\" with value \"patilgmail.com\" fails to match the required pattern: /^[a-zA-Z0-9.!#$%&'*+/=?^_`{|}~-]+@[a-zA-Z0-9-]+(?:.[a-zA-Z0-9-]+)*$/","level":"error","timestamp":"2021-07-05T11:02:08.024Z"}
{"message":"\"firstName\" with value \"vivek\" fails to match the required pattern: /^[A-Z]{1}[A-Za-z]{2,}/","level":"error","timestamp":"2021-07-05T11:02:43.193Z"}
{"message":"\"lastName\" with value \"patil\" fails to match the required pattern: /^[A-Z]{1}[A-Za-z]{2,}/","level":"error","timestamp":"2021-07-05T11:02:43.199Z"}
{"message":"\"email\" with value \"patilgmail.com\" fails to match the required pattern: /^[a-zA-Z0-9.!#$%&'*+/=?^_`{|}~-]+@[a-zA-Z0-9-]+(?:.[a-zA-Z0-9-]+)*$/","level":"error","timestamp":"2021-07-05T11:02:43.205Z"}
{"message":"\"firstName\" with value \"vivek\" fails to match the required pattern: /^[A-Z]{1}[A-Za-z]{2,}/","level":"error","timestamp":"2021-07-05T11:03:25.741Z"}
{"message":"\"lastName\" with value \"patil\" fails to match the required pattern: /^[A-Z]{1}[A-Za-z]{2,}/","level":"error","timestamp":"2021-07-05T11:03:25.747Z"}
{"message":"\"email\" with value \"patilgmail.com\" fails to match the required pattern: /^[a-zA-Z0-9.!#$%&'*+/=?^_`{|}~-]+@[a-zA-Z0-9-]+(?:.[a-zA-Z0-9-]+)*$/","level":"error","timestamp":"2021-07-05T11:03:25.752Z"}
{"message":"\"firstName\" with value \"vivek\" fails to match the required pattern: /^[A-Z]{1}[A-Za-z]{2,}/","level":"error","timestamp":"2021-07-05T11:03:57.754Z"}
{"message":"\"lastName\" with value \"patil\" fails to match the required pattern: /^[A-Z]{1}[A-Za-z]{2,}/","level":"error","timestamp":"2021-07-05T11:03:57.782Z"}
{"message":"\"firstName\" with value \"vivek\" fails to match the required pattern: /^[A-Z]{1}[A-Za-z]{2,}/","level":"error","timestamp":"2021-07-06T05:43:29.836Z"}
{"message":"\"lastName\" with value \"patil\" fails to match the required pattern: /^[A-Z]{1}[A-Za-z]{2,}/","level":"error","timestamp":"2021-07-06T05:43:29.857Z"}
{"message":"\"email\" with value \"patilgmail.com\" fails to match the required pattern: /^[a-zA-Z0-9.!#$%&'*+/=?^_`{|}~-]+@[a-zA-Z0-9-]+(?:.[a-zA-Z0-9-]+)*$/","level":"error","timestamp":"2021-07-06T05:43:29.863Z"}
{"message":"\"firstName\" with value \"vivek\" fails to match the required pattern: /^[A-Z]{1}[A-Za-z]{2,}/","level":"error","timestamp":"2021-07-06T05:45:35.683Z"}
{"message":"\"lastName\" with value \"patil\" fails to match the required pattern: /^[A-Z]{1}[A-Za-z]{2,}/","level":"error","timestamp":"2021-07-06T05:45:35.691Z"}
{"message":"\"email\" with value \"patilgmail.com\" fails to match the required pattern: /^[a-zA-Z0-9.!#$%&'*+/=?^_`{|}~-]+@[a-zA-Z0-9-]+(?:.[a-zA-Z0-9-]+)*$/","level":"error","timestamp":"2021-07-06T05:45:35.698Z"}
{"message":"\"firstName\" with value \"vivek\" fails to match the required pattern: /^[A-Z]{1}[A-Za-z]{2,}/","level":"error","timestamp":"2021-07-06T05:46:18.836Z"}
{"message":"\"lastName\" with value \"patil\" fails to match the required pattern: /^[A-Z]{1}[A-Za-z]{2,}/","level":"error","timestamp":"2021-07-06T05:46:18.871Z"}
{"message":"\"firstName\" with value \"vivek\" fails to match the required pattern: /^[A-Z]{1}[A-Za-z]{2,}/","level":"error","timestamp":"2021-07-06T06:11:40.421Z"}
{"message":"\"firstName\" with value \"vivek\" fails to match the required pattern: /^[A-Z]{1}[A-Za-z]{2,}/","level":"error","timestamp":"2021-07-06T06:20:50.705Z"}
{"message":"\"firstName\" with value \"vivek\" fails to match the required pattern: /^[A-Z]{1}[A-Za-z]{2,}/","level":"error","timestamp":"2021-07-06T06:48:06.851Z"}
{"message":"\"firstName\" with value \"vivek\" fails to match the required pattern: /^[A-Z]{1}[A-Za-z]{2,}/","level":"error","timestamp":"2021-07-06T06:48:51.038Z"}
{"message":"\"firstName\" with value \"vivek\" fails to match the required pattern: /^[A-Z]{1}[A-Za-z]{2,}/","level":"error","timestamp":"2021-07-06T06:49:17.119Z"}
{"message":"\"firstName\" with value \"vivek\" fails to match the required pattern: /^[A-Z]{1}[A-Za-z]{2,}/","level":"error","timestamp":"2021-07-06T06:50:04.752Z"}
{"message":"\"lastName\" with value \"patil\" fails to match the required pattern: /^[A-Z]{1}[A-Za-z]{2,}/","level":"error","timestamp":"2021-07-06T06:50:04.857Z"}
{"message":"\"firstName\" with value \"vivek\" fails to match the required pattern: /^[A-Z]{1}[A-Za-z]{2,}/","level":"error","timestamp":"2021-07-06T07:34:19.471Z"}
{"message":"\"lastName\" with value \"patil\" fails to match the required pattern: /^[A-Z]{1}[A-Za-z]{2,}/","level":"error","timestamp":"2021-07-06T07:34:19.478Z"}
{"message":"\"email\" with value \"patilgmail.com\" fails to match the required pattern: /^[a-zA-Z0-9.!#$%&'*+/=?^_`{|}~-]+@[a-zA-Z0-9-]+(?:.[a-zA-Z0-9-]+)*$/","level":"error","timestamp":"2021-07-06T07:34:19.484Z"}
{"message":"\"firstName\" with value \"aame1\" fails to match the required pattern: /^[A-Z]{1}[A-Za-z]{2,}/","level":"error","timestamp":"2021-07-06T07:57:01.832Z"}
{"message":"\"firstName\" with value \"vivek\" fails to match the required pattern: /^[A-Z]{1}[A-Za-z]{2,}/","level":"error","timestamp":"2021-07-06T08:25:15.517Z"}
{"message":"\"lastName\" with value \"patil\" fails to match the required pattern: /^[A-Z]{1}[A-Za-z]{2,}/","level":"error","timestamp":"2021-07-06T08:25:15.547Z"}
{"message":"\"email\" with value \"patilgmail.com\" fails to match the required pattern: /^[a-zA-Z0-9.!#$%&'*+/=?^_`{|}~-]+@[a-zA-Z0-9-]+(?:.[a-zA-Z0-9-]+)*$/","level":"error","timestamp":"2021-07-06T08:25:15.553Z"}
{"message":"\"firstName\" with value \"vivek\" fails to match the required pattern: /^[A-Z]{1}[A-Za-z]{2,}/","level":"error","timestamp":"2021-07-06T08:27:47.061Z"}
{"message":"\"lastName\" with value \"patil\" fails to match the required pattern: /^[A-Z]{1}[A-Za-z]{2,}/","level":"error","timestamp":"2021-07-06T08:27:47.068Z"}
{"message":"\"email\" with value \"patilgmail.com\" fails to match the required pattern: /^[a-zA-Z0-9.!#$%&'*+/=?^_`{|}~-]+@[a-zA-Z0-9-]+(?:.[a-zA-Z0-9-]+)*$/","level":"error","timestamp":"2021-07-06T08:27:47.073Z"}
{"message":"\"firstName\" with value \"vivek\" fails to match the required pattern: /^[A-Z]{1}[A-Za-z]{2,}/","level":"error","timestamp":"2021-07-06T08:28:57.794Z"}
{"message":"\"lastName\" with value \"patil\" fails to match the required pattern: /^[A-Z]{1}[A-Za-z]{2,}/","level":"error","timestamp":"2021-07-06T08:28:57.801Z"}
{"message":"\"email\" with value \"patilgmail.com\" fails to match the required pattern: /^[a-zA-Z0-9.!#$%&'*+/=?^_`{|}~-]+@[a-zA-Z0-9-]+(?:.[a-zA-Z0-9-]+)*$/","level":"error","timestamp":"2021-07-06T08:28:57.807Z"}
{"message":"\"firstName\" with value \"vivek\" fails to match the required pattern: /^[A-Z]{1}[A-Za-z]{2,}/","level":"error","timestamp":"2021-07-06T08:31:00.202Z"}
{"message":"\"lastName\" with value \"patil\" fails to match the required pattern: /^[A-Z]{1}[A-Za-z]{2,}/","level":"error","timestamp":"2021-07-06T08:31:00.208Z"}
{"message":"\"email\" with value \"patilgmail.com\" fails to match the required pattern: /^[a-zA-Z0-9.!#$%&'*+/=?^_`{|}~-]+@[a-zA-Z0-9-]+(?:.[a-zA-Z0-9-]+)*$/","level":"error","timestamp":"2021-07-06T08:31:00.215Z"}
{"message":"\"firstName\" with value \"vivek\" fails to match the required pattern: /^[A-Z]{1}[A-Za-z]{2,}/","level":"error","timestamp":"2021-07-06T08:40:29.198Z"}
{"message":"\"lastName\" with value \"patil\" fails to match the required pattern: /^[A-Z]{1}[A-Za-z]{2,}/","level":"error","timestamp":"2021-07-06T08:40:29.207Z"}
{"message":"\"email\" with value \"patilgmail.com\" fails to match the required pattern: /^[a-zA-Z0-9.!#$%&'*+/=?^_`{|}~-]+@[a-zA-Z0-9-]+(?:.[a-zA-Z0-9-]+)*$/","level":"error","timestamp":"2021-07-06T08:40:29.213Z"}
{"message":"\"firstName\" with value \"avinash\" fails to match the required pattern: /^[A-Z]{1}[A-Za-z]{2,}/","level":"error","timestamp":"2021-07-07T06:18:43.943Z"}
{"message":"\"firstName\" with value \"vivek\" fails to match the required pattern: /^[A-Z]{1}[A-Za-z]{2,}/","level":"error","timestamp":"2021-07-10T02:28:55.191Z"}
{"message":"\"lastName\" with value \"patil\" fails to match the required pattern: /^[A-Z]{1}[A-Za-z]{2,}/","level":"error","timestamp":"2021-07-10T02:28:55.199Z"}
{"message":"\"email\" with value \"patilgmail.com\" fails to match the required pattern: /^[a-zA-Z0-9.!#$%&'*+/=?^_`{|}~-]+@[a-zA-Z0-9-]+(?:.[a-zA-Z0-9-]+)*$/","level":"error","timestamp":"2021-07-10T02:28:55.205Z"}
{"message":"\"password\" with value \"raj@123456\" fails to match the required pattern: /^(?=.*[A-Z])(?=.*[a-z])(?=.*[0-9])(?=.*[!@#$%^&*])(?=.{8,})/","level":"error","timestamp":"2021-07-13T03:38:30.116Z"}
{"message":"\"password\" with value \"raj@123456\" fails to match the required pattern: /^(?=.*[A-Z])(?=.*[a-z])(?=.*[0-9])(?=.*[!@#$%^&*])(?=.{8,})/","level":"error","timestamp":"2021-07-13T03:39:51.645Z"}
{"message":"\"token\" is not allowed","level":"error","timestamp":"2021-07-13T14:17:08.096Z"}
{"message":"\"firstName\" with value \"vivek\" fails to match the required pattern: /^[A-Z]{1}[A-Za-z]{2,}/","level":"error","timestamp":"2021-07-13T14:53:23.358Z"}
{"message":"\"lastName\" with value \"patil\" fails to match the required pattern: /^[A-Z]{1}[A-Za-z]{2,}/","level":"error","timestamp":"2021-07-13T14:53:23.365Z"}
{"message":"\"email\" with value \"patilgmail.com\" fails to match the required pattern: /^[a-zA-Z0-9.!#$%&'*+/=?^_`{|}~-]+@[a-zA-Z0-9-]+(?:.[a-zA-Z0-9-]+)*$/","level":"error","timestamp":"2021-07-13T14:53:23.371Z"}
{"message":"\"firstName\" with value \"vivek\" fails to match the required pattern: /^[A-Z]{1}[A-Za-z]{2,}/","level":"error","timestamp":"2021-07-13T14:55:53.283Z"}
{"message":"\"lastName\" with value \"patil\" fails to match the required pattern: /^[A-Z]{1}[A-Za-z]{2,}/","level":"error","timestamp":"2021-07-13T14:55:53.290Z"}
{"message":"\"email\" with value \"patilgmail.com\" fails to match the required pattern: /^[a-zA-Z0-9.!#$%&'*+/=?^_`{|}~-]+@[a-zA-Z0-9-]+(?:.[a-zA-Z0-9-]+)*$/","level":"error","timestamp":"2021-07-13T14:55:53.297Z"}
{"message":"\"firstName\" with value \"vivek\" fails to match the required pattern: /^[A-Z]{1}[A-Za-z]{2,}/","level":"error","timestamp":"2021-07-13T14:56:50.056Z"}
{"message":"\"lastName\" with value \"patil\" fails to match the required pattern: /^[A-Z]{1}[A-Za-z]{2,}/","level":"error","timestamp":"2021-07-13T14:56:50.063Z"}
{"message":"\"email\" with value \"patilgmail.com\" fails to match the required pattern: /^[a-zA-Z0-9.!#$%&'*+/=?^_`{|}~-]+@[a-zA-Z0-9-]+(?:.[a-zA-Z0-9-]+)*$/","level":"error","timestamp":"2021-07-13T14:56:50.070Z"}
{"message":"\"firstName\" with value \"vivek\" fails to match the required pattern: /^[A-Z]{1}[A-Za-z]{2,}/","level":"error","timestamp":"2021-07-13T15:01:23.240Z"}
{"message":"\"lastName\" with value \"patil\" fails to match the required pattern: /^[A-Z]{1}[A-Za-z]{2,}/","level":"error","timestamp":"2021-07-13T15:01:23.248Z"}
{"message":"\"email\" with value \"patilgmail.com\" fails to match the required pattern: /^[a-zA-Z0-9.!#$%&'*+/=?^_`{|}~-]+@[a-zA-Z0-9-]+(?:.[a-zA-Z0-9-]+)*$/","level":"error","timestamp":"2021-07-13T15:01:23.253Z"}
{"message":"\"firstName\" with value \"vivek\" fails to match the required pattern: /^[A-Z]{1}[A-Za-z]{2,}/","level":"error","timestamp":"2021-07-13T15:02:25.357Z"}
{"message":"\"lastName\" with value \"patil\" fails to match the required pattern: /^[A-Z]{1}[A-Za-z]{2,}/","level":"error","timestamp":"2021-07-13T15:02:25.364Z"}
{"message":"\"email\" with value \"patilgmail.com\" fails to match the required pattern: /^[a-zA-Z0-9.!#$%&'*+/=?^_`{|}~-]+@[a-zA-Z0-9-]+(?:.[a-zA-Z0-9-]+)*$/","level":"error","timestamp":"2021-07-13T15:02:25.370Z"}
{"message":"\"firstName\" with value \"vivek\" fails to match the required pattern: /^[A-Z]{1}[A-Za-z]{2,}/","level":"error","timestamp":"2021-07-13T15:02:43.893Z"}
{"message":"\"lastName\" with value \"patil\" fails to match the required pattern: /^[A-Z]{1}[A-Za-z]{2,}/","level":"error","timestamp":"2021-07-13T15:02:43.901Z"}
{"message":"\"email\" with value \"patilgmail.com\" fails to match the required pattern: /^[a-zA-Z0-9.!#$%&'*+/=?^_`{|}~-]+@[a-zA-Z0-9-]+(?:.[a-zA-Z0-9-]+)*$/","level":"error","timestamp":"2021-07-13T15:02:43.907Z"}
{"message":"\"firstName\" with value \"vivek\" fails to match the required pattern: /^[A-Z]{1}[A-Za-z]{2,}/","level":"error","timestamp":"2021-07-13T15:03:08.082Z"}
{"message":"\"lastName\" with value \"patil\" fails to match the required pattern: /^[A-Z]{1}[A-Za-z]{2,}/","level":"error","timestamp":"2021-07-13T15:03:08.088Z"}
{"message":"\"email\" with value \"patilgmail.com\" fails to match the required pattern: /^[a-zA-Z0-9.!#$%&'*+/=?^_`{|}~-]+@[a-zA-Z0-9-]+(?:.[a-zA-Z0-9-]+)*$/","level":"error","timestamp":"2021-07-13T15:03:08.097Z"}
{"message":"\"firstName\" with value \"vivek\" fails to match the required pattern: /^[A-Z]{1}[A-Za-z]{2,}/","level":"error","timestamp":"2021-07-13T15:11:56.312Z"}
{"message":"\"lastName\" with value \"patil\" fails to match the required pattern: /^[A-Z]{1}[A-Za-z]{2,}/","level":"error","timestamp":"2021-07-13T15:11:56.319Z"}
{"message":"\"email\" with value \"patilgmail.com\" fails to match the required pattern: /^[a-zA-Z0-9.!#$%&'*+/=?^_`{|}~-]+@[a-zA-Z0-9-]+(?:.[a-zA-Z0-9-]+)*$/","level":"error","timestamp":"2021-07-13T15:11:56.325Z"}
{"message":"\"firstName\" with value \"vivek\" fails to match the required pattern: /^[A-Z]{1}[A-Za-z]{2,}/","level":"error","timestamp":"2021-07-13T15:13:27.285Z"}
{"message":"\"lastName\" with value \"patil\" fails to match the required pattern: /^[A-Z]{1}[A-Za-z]{2,}/","level":"error","timestamp":"2021-07-13T15:13:27.293Z"}
{"message":"\"email\" with value \"patilgmail.com\" fails to match the required pattern: /^[a-zA-Z0-9.!#$%&'*+/=?^_`{|}~-]+@[a-zA-Z0-9-]+(?:.[a-zA-Z0-9-]+)*$/","level":"error","timestamp":"2021-07-13T15:13:27.300Z"}
{"message":"\"firstName\" with value \"vivek\" fails to match the required pattern: /^[A-Z]{1}[A-Za-z]{2,}/","level":"error","timestamp":"2021-07-13T15:14:16.769Z"}
{"message":"\"lastName\" with value \"patil\" fails to match the required pattern: /^[A-Z]{1}[A-Za-z]{2,}/","level":"error","timestamp":"2021-07-13T15:14:16.776Z"}
{"message":"\"email\" with value \"patilgmail.com\" fails to match the required pattern: /^[a-zA-Z0-9.!#$%&'*+/=?^_`{|}~-]+@[a-zA-Z0-9-]+(?:.[a-zA-Z0-9-]+)*$/","level":"error","timestamp":"2021-07-13T15:14:16.782Z"}
{"message":"\"firstName\" with value \"vivek\" fails to match the required pattern: /^[A-Z]{1}[A-Za-z]{2,}/","level":"error","timestamp":"2021-07-14T01:30:23.376Z"}
{"message":"\"lastName\" with value \"patil\" fails to match the required pattern: /^[A-Z]{1}[A-Za-z]{2,}/","level":"error","timestamp":"2021-07-14T01:30:23.383Z"}
{"message":"\"email\" with value \"patilgmail.com\" fails to match the required pattern: /^[a-zA-Z0-9.!#$%&'*+/=?^_`{|}~-]+@[a-zA-Z0-9-]+(?:.[a-zA-Z0-9-]+)*$/","level":"error","timestamp":"2021-07-14T01:30:23.390Z"}
{"message":"\"firstName\" with value \"vivek\" fails to match the required pattern: /^[A-Z]{1}[A-Za-z]{2,}/","level":"error","timestamp":"2021-07-14T01:31:59.450Z"}
{"message":"\"lastName\" with value \"patil\" fails to match the required pattern: /^[A-Z]{1}[A-Za-z]{2,}/","level":"error","timestamp":"2021-07-14T01:31:59.457Z"}
{"message":"\"email\" with value \"patilgmail.com\" fails to match the required pattern: /^[a-zA-Z0-9.!#$%&'*+/=?^_`{|}~-]+@[a-zA-Z0-9-]+(?:.[a-zA-Z0-9-]+)*$/","level":"error","timestamp":"2021-07-14T01:31:59.463Z"}
{"message":"\"firstName\" with value \"vivek\" fails to match the required pattern: /^[A-Z]{1}[A-Za-z]{2,}/","level":"error","timestamp":"2021-07-14T01:32:51.798Z"}
{"message":"\"lastName\" with value \"patil\" fails to match the required pattern: /^[A-Z]{1}[A-Za-z]{2,}/","level":"error","timestamp":"2021-07-14T01:32:51.805Z"}
{"message":"\"email\" with value \"patilgmail.com\" fails to match the required pattern: /^[a-zA-Z0-9.!#$%&'*+/=?^_`{|}~-]+@[a-zA-Z0-9-]+(?:.[a-zA-Z0-9-]+)*$/","level":"error","timestamp":"2021-07-14T01:32:51.811Z"}
{"message":"\"firstName\" with value \"vivek\" fails to match the required pattern: /^[A-Z]{1}[A-Za-z]{2,}/","level":"error","timestamp":"2021-07-14T01:39:37.953Z"}
{"message":"\"lastName\" with value \"patil\" fails to match the required pattern: /^[A-Z]{1}[A-Za-z]{2,}/","level":"error","timestamp":"2021-07-14T01:39:37.960Z"}
{"message":"\"email\" with value \"patilgmail.com\" fails to match the required pattern: /^[a-zA-Z0-9.!#$%&'*+/=?^_`{|}~-]+@[a-zA-Z0-9-]+(?:.[a-zA-Z0-9-]+)*$/","level":"error","timestamp":"2021-07-14T01:39:37.965Z"}
{"message":"\"firstName\" with value \"vivek\" fails to match the required pattern: /^[A-Z]{1}[A-Za-z]{2,}/","level":"error","timestamp":"2021-07-14T01:40:51.598Z"}
{"message":"\"lastName\" with value \"patil\" fails to match the required pattern: /^[A-Z]{1}[A-Za-z]{2,}/","level":"error","timestamp":"2021-07-14T01:40:51.604Z"}
{"message":"\"email\" with value \"patilgmail.com\" fails to match the required pattern: /^[a-zA-Z0-9.!#$%&'*+/=?^_`{|}~-]+@[a-zA-Z0-9-]+(?:.[a-zA-Z0-9-]+)*$/","level":"error","timestamp":"2021-07-14T01:40:51.610Z"}
{"message":"\"firstName\" with value \"vivek\" fails to match the required pattern: /^[A-Z]{1}[A-Za-z]{2,}/","level":"error","timestamp":"2021-07-14T01:41:55.083Z"}
{"message":"\"lastName\" with value \"patil\" fails to match the required pattern: /^[A-Z]{1}[A-Za-z]{2,}/","level":"error","timestamp":"2021-07-14T01:41:55.091Z"}
{"message":"\"email\" with value \"patilgmail.com\" fails to match the required pattern: /^[a-zA-Z0-9.!#$%&'*+/=?^_`{|}~-]+@[a-zA-Z0-9-]+(?:.[a-zA-Z0-9-]+)*$/","level":"error","timestamp":"2021-07-14T01:41:55.098Z"}
{"message":"\"firstName\" with value \"vivek\" fails to match the required pattern: /^[A-Z]{1}[A-Za-z]{2,}/","level":"error","timestamp":"2021-07-14T01:52:55.628Z"}
{"message":"\"lastName\" with value \"patil\" fails to match the required pattern: /^[A-Z]{1}[A-Za-z]{2,}/","level":"error","timestamp":"2021-07-14T01:52:55.635Z"}
{"message":"\"email\" with value \"patilgmail.com\" fails to match the required pattern: /^[a-zA-Z0-9.!#$%&'*+/=?^_`{|}~-]+@[a-zA-Z0-9-]+(?:.[a-zA-Z0-9-]+)*$/","level":"error","timestamp":"2021-07-14T01:52:55.641Z"}
{"message":"\"firstName\" with value \"vivek\" fails to match the required pattern: /^[A-Z]{1}[A-Za-z]{2,}/","level":"error","timestamp":"2021-07-14T01:53:47.979Z"}
{"message":"\"lastName\" with value \"patil\" fails to match the required pattern: /^[A-Z]{1}[A-Za-z]{2,}/","level":"error","timestamp":"2021-07-14T01:53:47.986Z"}
{"message":"\"email\" with value \"patilgmail.com\" fails to match the required pattern: /^[a-zA-Z0-9.!#$%&'*+/=?^_`{|}~-]+@[a-zA-Z0-9-]+(?:.[a-zA-Z0-9-]+)*$/","level":"error","timestamp":"2021-07-14T01:53:47.994Z"}
{"message":"\"firstName\" with value \"vivek\" fails to match the required pattern: /^[A-Z]{1}[A-Za-z]{2,}/","level":"error","timestamp":"2021-07-14T01:56:50.205Z"}
{"message":"\"lastName\" with value \"patil\" fails to match the required pattern: /^[A-Z]{1}[A-Za-z]{2,}/","level":"error","timestamp":"2021-07-14T01:56:50.211Z"}
{"message":"\"email\" with value \"patilgmail.com\" fails to match the required pattern: /^[a-zA-Z0-9.!#$%&'*+/=?^_`{|}~-]+@[a-zA-Z0-9-]+(?:.[a-zA-Z0-9-]+)*$/","level":"error","timestamp":"2021-07-14T01:56:50.219Z"}
{"message":"\"firstName\" with value \"vivek\" fails to match the required pattern: /^[A-Z]{1}[A-Za-z]{2,}/","level":"error","timestamp":"2021-07-14T02:27:54.545Z"}
{"message":"\"lastName\" with value \"patil\" fails to match the required pattern: /^[A-Z]{1}[A-Za-z]{2,}/","level":"error","timestamp":"2021-07-14T02:27:54.552Z"}
{"message":"\"email\" with value \"patilgmail.com\" fails to match the required pattern: /^[a-zA-Z0-9.!#$%&'*+/=?^_`{|}~-]+@[a-zA-Z0-9-]+(?:.[a-zA-Z0-9-]+)*$/","level":"error","timestamp":"2021-07-14T02:27:54.558Z"}
{"message":"\"firstName\" with value \"vivek\" fails to match the required pattern: /^[A-Z]{1}[A-Za-z]{2,}/","level":"error","timestamp":"2021-07-14T02:28:45.454Z"}
{"message":"\"lastName\" with value \"patil\" fails to match the required pattern: /^[A-Z]{1}[A-Za-z]{2,}/","level":"error","timestamp":"2021-07-14T02:28:45.461Z"}
{"message":"\"email\" with value \"patilgmail.com\" fails to match the required pattern: /^[a-zA-Z0-9.!#$%&'*+/=?^_`{|}~-]+@[a-zA-Z0-9-]+(?:.[a-zA-Z0-9-]+)*$/","level":"error","timestamp":"2021-07-14T02:28:45.467Z"}
{"message":"\"firstName\" with value \"vivek\" fails to match the required pattern: /^[A-Z]{1}[A-Za-z]{2,}/","level":"error","timestamp":"2021-07-14T02:48:59.353Z"}
{"message":"\"lastName\" with value \"patil\" fails to match the required pattern: /^[A-Z]{1}[A-Za-z]{2,}/","level":"error","timestamp":"2021-07-14T02:48:59.361Z"}
{"message":"\"email\" with value \"patilgmail.com\" fails to match the required pattern: /^[a-zA-Z0-9.!#$%&'*+/=?^_`{|}~-]+@[a-zA-Z0-9-]+(?:.[a-zA-Z0-9-]+)*$/","level":"error","timestamp":"2021-07-14T02:48:59.367Z"}
{"message":"\"firstName\" with value \"vivek\" fails to match the required pattern: /^[A-Z]{1}[A-Za-z]{2,}/","level":"error","timestamp":"2021-07-14T02:49:42.253Z"}
{"message":"\"lastName\" with value \"patil\" fails to match the required pattern: /^[A-Z]{1}[A-Za-z]{2,}/","level":"error","timestamp":"2021-07-14T02:49:42.260Z"}
{"message":"\"email\" with value \"patilgmail.com\" fails to match the required pattern: /^[a-zA-Z0-9.!#$%&'*+/=?^_`{|}~-]+@[a-zA-Z0-9-]+(?:.[a-zA-Z0-9-]+)*$/","level":"error","timestamp":"2021-07-14T02:49:42.267Z"}
{"message":"\"firstName\" with value \"vivek\" fails to match the required pattern: /^[A-Z]{1}[A-Za-z]{2,}/","level":"error","timestamp":"2021-07-14T02:51:12.600Z"}
{"message":"\"lastName\" with value \"patil\" fails to match the required pattern: /^[A-Z]{1}[A-Za-z]{2,}/","level":"error","timestamp":"2021-07-14T02:51:12.607Z"}
{"message":"\"email\" with value \"patilgmail.com\" fails to match the required pattern: /^[a-zA-Z0-9.!#$%&'*+/=?^_`{|}~-]+@[a-zA-Z0-9-]+(?:.[a-zA-Z0-9-]+)*$/","level":"error","timestamp":"2021-07-14T02:51:12.613Z"}
{"message":"\"firstName\" with value \"vivek\" fails to match the required pattern: /^[A-Z]{1}[A-Za-z]{2,}/","level":"error","timestamp":"2021-07-14T02:52:22.011Z"}
{"message":"\"lastName\" with value \"patil\" fails to match the required pattern: /^[A-Z]{1}[A-Za-z]{2,}/","level":"error","timestamp":"2021-07-14T02:52:22.018Z"}
{"message":"\"email\" with value \"patilgmail.com\" fails to match the required pattern: /^[a-zA-Z0-9.!#$%&'*+/=?^_`{|}~-]+@[a-zA-Z0-9-]+(?:.[a-zA-Z0-9-]+)*$/","level":"error","timestamp":"2021-07-14T02:52:22.025Z"}
{"message":"\"firstName\" with value \"vivek\" fails to match the required pattern: /^[A-Z]{1}[A-Za-z]{2,}/","level":"error","timestamp":"2021-07-14T02:55:56.587Z"}
{"message":"\"lastName\" with value \"patil\" fails to match the required pattern: /^[A-Z]{1}[A-Za-z]{2,}/","level":"error","timestamp":"2021-07-14T02:55:56.595Z"}
{"message":"\"email\" with value \"patilgmail.com\" fails to match the required pattern: /^[a-zA-Z0-9.!#$%&'*+/=?^_`{|}~-]+@[a-zA-Z0-9-]+(?:.[a-zA-Z0-9-]+)*$/","level":"error","timestamp":"2021-07-14T02:55:56.601Z"}
{"message":"\"firstName\" with value \"vivek\" fails to match the required pattern: /^[A-Z]{1}[A-Za-z]{2,}/","level":"error","timestamp":"2021-07-14T02:58:36.181Z"}
{"message":"\"lastName\" with value \"patil\" fails to match the required pattern: /^[A-Z]{1}[A-Za-z]{2,}/","level":"error","timestamp":"2021-07-14T02:58:36.189Z"}
{"message":"\"email\" with value \"patilgmail.com\" fails to match the required pattern: /^[a-zA-Z0-9.!#$%&'*+/=?^_`{|}~-]+@[a-zA-Z0-9-]+(?:.[a-zA-Z0-9-]+)*$/","level":"error","timestamp":"2021-07-14T02:58:36.195Z"}
{"message":"\"firstName\" with value \"vivek\" fails to match the required pattern: /^[A-Z]{1}[A-Za-z]{2,}/","level":"error","timestamp":"2021-07-14T03:05:14.543Z"}
{"message":"\"lastName\" with value \"patil\" fails to match the required pattern: /^[A-Z]{1}[A-Za-z]{2,}/","level":"error","timestamp":"2021-07-14T03:05:14.550Z"}
{"message":"\"email\" with value \"patilgmail.com\" fails to match the required pattern: /^[a-zA-Z0-9.!#$%&'*+/=?^_`{|}~-]+@[a-zA-Z0-9-]+(?:.[a-zA-Z0-9-]+)*$/","level":"error","timestamp":"2021-07-14T03:05:14.557Z"}
{"message":"\"firstName\" with value \"vivek\" fails to match the required pattern: /^[A-Z]{1}[A-Za-z]{2,}/","level":"error","timestamp":"2021-07-14T03:10:07.226Z"}
{"message":"\"lastName\" with value \"patil\" fails to match the required pattern: /^[A-Z]{1}[A-Za-z]{2,}/","level":"error","timestamp":"2021-07-14T03:10:07.233Z"}
{"message":"\"email\" with value \"patilgmail.com\" fails to match the required pattern: /^[a-zA-Z0-9.!#$%&'*+/=?^_`{|}~-]+@[a-zA-Z0-9-]+(?:.[a-zA-Z0-9-]+)*$/","level":"error","timestamp":"2021-07-14T03:10:07.240Z"}
{"message":"\"firstName\" with value \"vivek\" fails to match the required pattern: /^[A-Z]{1}[A-Za-z]{2,}/","level":"error","timestamp":"2021-07-14T03:11:36.459Z"}
{"message":"\"lastName\" with value \"patil\" fails to match the required pattern: /^[A-Z]{1}[A-Za-z]{2,}/","level":"error","timestamp":"2021-07-14T03:11:36.468Z"}
{"message":"\"email\" with value \"patilgmail.com\" fails to match the required pattern: /^[a-zA-Z0-9.!#$%&'*+/=?^_`{|}~-]+@[a-zA-Z0-9-]+(?:.[a-zA-Z0-9-]+)*$/","level":"error","timestamp":"2021-07-14T03:11:36.474Z"}
{"message":"\"firstName\" with value \"vivek\" fails to match the required pattern: /^[A-Z]{1}[A-Za-z]{2,}/","level":"error","timestamp":"2021-07-14T03:55:35.645Z"}
{"message":"\"lastName\" with value \"patil\" fails to match the required pattern: /^[A-Z]{1}[A-Za-z]{2,}/","level":"error","timestamp":"2021-07-14T03:55:35.654Z"}
{"message":"\"email\" with value \"patilgmail.com\" fails to match the required pattern: /^[a-zA-Z0-9.!#$%&'*+/=?^_`{|}~-]+@[a-zA-Z0-9-]+(?:.[a-zA-Z0-9-]+)*$/","level":"error","timestamp":"2021-07-14T03:55:35.676Z"}
{"message":"\"firstName\" with value \"vivek\" fails to match the required pattern: /^[A-Z]{1}[A-Za-z]{2,}/","level":"error","timestamp":"2021-07-14T05:59:58.797Z"}
{"message":"\"lastName\" with value \"patil\" fails to match the required pattern: /^[A-Z]{1}[A-Za-z]{2,}/","level":"error","timestamp":"2021-07-14T05:59:58.804Z"}
{"message":"\"email\" with value \"patilgmail.com\" fails to match the required pattern: /^[a-zA-Z0-9.!#$%&'*+/=?^_`{|}~-]+@[a-zA-Z0-9-]+(?:.[a-zA-Z0-9-]+)*$/","level":"error","timestamp":"2021-07-14T05:59:58.811Z"}
{"message":"\"firstName\" with value \"vivek\" fails to match the required pattern: /^[A-Z]{1}[A-Za-z]{2,}/","level":"error","timestamp":"2021-07-14T06:06:37.135Z"}
{"message":"\"lastName\" with value \"patil\" fails to match the required pattern: /^[A-Z]{1}[A-Za-z]{2,}/","level":"error","timestamp":"2021-07-14T06:06:37.149Z"}
{"message":"\"email\" with value \"patilgmail.com\" fails to match the required pattern: /^[a-zA-Z0-9.!#$%&'*+/=?^_`{|}~-]+@[a-zA-Z0-9-]+(?:.[a-zA-Z0-9-]+)*$/","level":"error","timestamp":"2021-07-14T06:06:37.155Z"}
{"message":"\"firstName\" with value \"vivek\" fails to match the required pattern: /^[A-Z]{1}[A-Za-z]{2,}/","level":"error","timestamp":"2021-07-14T06:09:40.670Z"}
{"message":"\"lastName\" with value \"patil\" fails to match the required pattern: /^[A-Z]{1}[A-Za-z]{2,}/","level":"error","timestamp":"2021-07-14T06:09:40.687Z"}
{"message":"\"email\" with value \"patilgmail.com\" fails to match the required pattern: /^[a-zA-Z0-9.!#$%&'*+/=?^_`{|}~-]+@[a-zA-Z0-9-]+(?:.[a-zA-Z0-9-]+)*$/","level":"error","timestamp":"2021-07-14T06:09:40.701Z"}
{"message":"\"firstName\" with value \"vivek\" fails to match the required pattern: /^[A-Z]{1}[A-Za-z]{2,}/","level":"error","timestamp":"2021-07-14T06:16:31.537Z"}
{"message":"\"lastName\" with value \"patil\" fails to match the required pattern: /^[A-Z]{1}[A-Za-z]{2,}/","level":"error","timestamp":"2021-07-14T06:16:31.549Z"}
{"message":"\"email\" with value \"patilgmail.com\" fails to match the required pattern: /^[a-zA-Z0-9.!#$%&'*+/=?^_`{|}~-]+@[a-zA-Z0-9-]+(?:.[a-zA-Z0-9-]+)*$/","level":"error","timestamp":"2021-07-14T06:16:31.556Z"}
{"message":"\"firstName\" with value \"vivek\" fails to match the required pattern: /^[A-Z]{1}[A-Za-z]{2,}/","level":"error","timestamp":"2021-07-14T06:24:16.688Z"}
{"message":"\"lastName\" with value \"patil\" fails to match the required pattern: /^[A-Z]{1}[A-Za-z]{2,}/","level":"error","timestamp":"2021-07-14T06:24:16.704Z"}
{"message":"\"email\" with value \"patilgmail.com\" fails to match the required pattern: /^[a-zA-Z0-9.!#$%&'*+/=?^_`{|}~-]+@[a-zA-Z0-9-]+(?:.[a-zA-Z0-9-]+)*$/","level":"error","timestamp":"2021-07-14T06:24:16.716Z"}
{"message":"\"firstName\" with value \"vivek\" fails to match the required pattern: /^[A-Z]{1}[A-Za-z]{2,}/","level":"error","timestamp":"2021-07-14T06:51:34.520Z"}
{"message":"\"lastName\" with value \"patil\" fails to match the required pattern: /^[A-Z]{1}[A-Za-z]{2,}/","level":"error","timestamp":"2021-07-14T06:51:34.533Z"}
{"message":"\"email\" with value \"patilgmail.com\" fails to match the required pattern: /^[a-zA-Z0-9.!#$%&'*+/=?^_`{|}~-]+@[a-zA-Z0-9-]+(?:.[a-zA-Z0-9-]+)*$/","level":"error","timestamp":"2021-07-14T06:51:34.540Z"}
{"message":"\"firstName\" with value \"vivek\" fails to match the required pattern: /^[A-Z]{1}[A-Za-z]{2,}/","level":"error","timestamp":"2021-07-14T06:52:29.586Z"}
{"message":"\"lastName\" with value \"patil\" fails to match the required pattern: /^[A-Z]{1}[A-Za-z]{2,}/","level":"error","timestamp":"2021-07-14T06:52:29.601Z"}
{"message":"\"email\" with value \"patilgmail.com\" fails to match the required pattern: /^[a-zA-Z0-9.!#$%&'*+/=?^_`{|}~-]+@[a-zA-Z0-9-]+(?:.[a-zA-Z0-9-]+)*$/","level":"error","timestamp":"2021-07-14T06:52:29.607Z"}
{"message":"\"firstName\" with value \"vivek\" fails to match the required pattern: /^[A-Z]{1}[A-Za-z]{2,}/","level":"error","timestamp":"2021-07-14T06:53:43.905Z"}
{"message":"\"lastName\" with value \"patil\" fails to match the required pattern: /^[A-Z]{1}[A-Za-z]{2,}/","level":"error","timestamp":"2021-07-14T06:53:43.930Z"}
{"message":"\"email\" with value \"patilgmail.com\" fails to match the required pattern: /^[a-zA-Z0-9.!#$%&'*+/=?^_`{|}~-]+@[a-zA-Z0-9-]+(?:.[a-zA-Z0-9-]+)*$/","level":"error","timestamp":"2021-07-14T06:53:43.941Z"}
{"message":"\"firstName\" with value \"vivek\" fails to match the required pattern: /^[A-Z]{1}[A-Za-z]{2,}/","level":"error","timestamp":"2021-07-14T06:55:02.193Z"}
{"message":"\"lastName\" with value \"patil\" fails to match the required pattern: /^[A-Z]{1}[A-Za-z]{2,}/","level":"error","timestamp":"2021-07-14T06:55:02.206Z"}
{"message":"\"email\" with value \"patilgmail.com\" fails to match the required pattern: /^[a-zA-Z0-9.!#$%&'*+/=?^_`{|}~-]+@[a-zA-Z0-9-]+(?:.[a-zA-Z0-9-]+)*$/","level":"error","timestamp":"2021-07-14T06:55:02.213Z"}
{"message":"\"firstName\" with value \"vivek\" fails to match the required pattern: /^[A-Z]{1}[A-Za-z]{2,}/","level":"error","timestamp":"2021-07-14T07:54:29.676Z"}
{"message":"\"lastName\" with value \"patil\" fails to match the required pattern: /^[A-Z]{1}[A-Za-z]{2,}/","level":"error","timestamp":"2021-07-14T07:54:29.690Z"}
{"message":"\"email\" with value \"patilgmail.com\" fails to match the required pattern: /^[a-zA-Z0-9.!#$%&'*+/=?^_`{|}~-]+@[a-zA-Z0-9-]+(?:.[a-zA-Z0-9-]+)*$/","level":"error","timestamp":"2021-07-14T07:54:29.697Z"}
{"message":"\"firstName\" with value \"vivek\" fails to match the required pattern: /^[A-Z]{1}[A-Za-z]{2,}/","level":"error","timestamp":"2021-07-14T09:20:49.435Z"}
{"message":"\"lastName\" with value \"patil\" fails to match the required pattern: /^[A-Z]{1}[A-Za-z]{2,}/","level":"error","timestamp":"2021-07-14T09:20:49.451Z"}
{"message":"\"email\" with value \"patilgmail.com\" fails to match the required pattern: /^[a-zA-Z0-9.!#$%&'*+/=?^_`{|}~-]+@[a-zA-Z0-9-]+(?:.[a-zA-Z0-9-]+)*$/","level":"error","timestamp":"2021-07-14T09:20:49.457Z"}
{"message":"\"firstName\" with value \"vivek\" fails to match the required pattern: /^[A-Z]{1}[A-Za-z]{2,}/","level":"error","timestamp":"2021-07-14T09:22:28.248Z"}
{"message":"\"lastName\" with value \"patil\" fails to match the required pattern: /^[A-Z]{1}[A-Za-z]{2,}/","level":"error","timestamp":"2021-07-14T09:22:28.255Z"}
{"message":"\"email\" with value \"patilgmail.com\" fails to match the required pattern: /^[a-zA-Z0-9.!#$%&'*+/=?^_`{|}~-]+@[a-zA-Z0-9-]+(?:.[a-zA-Z0-9-]+)*$/","level":"error","timestamp":"2021-07-14T09:22:28.262Z"}
{"message":"\"firstName\" with value \"vivek\" fails to match the required pattern: /^[A-Z]{1}[A-Za-z]{2,}/","level":"error","timestamp":"2021-07-15T02:21:04.614Z"}
{"message":"\"lastName\" with value \"patil\" fails to match the required pattern: /^[A-Z]{1}[A-Za-z]{2,}/","level":"error","timestamp":"2021-07-15T02:21:04.627Z"}
{"message":"\"email\" with value \"patilgmail.com\" fails to match the required pattern: /^[a-zA-Z0-9.!#$%&'*+/=?^_`{|}~-]+@[a-zA-Z0-9-]+(?:.[a-zA-Z0-9-]+)*$/","level":"error","timestamp":"2021-07-15T02:21:04.633Z"}
{"message":"\"firstName\" with value \"vivek\" fails to match the required pattern: /^[A-Z]{1}[A-Za-z]{2,}/","level":"error","timestamp":"2021-07-15T02:22:06.349Z"}
{"message":"\"lastName\" with value \"patil\" fails to match the required pattern: /^[A-Z]{1}[A-Za-z]{2,}/","level":"error","timestamp":"2021-07-15T02:22:06.356Z"}
{"message":"\"email\" with value \"patilgmail.com\" fails to match the required pattern: /^[a-zA-Z0-9.!#$%&'*+/=?^_`{|}~-]+@[a-zA-Z0-9-]+(?:.[a-zA-Z0-9-]+)*$/","level":"error","timestamp":"2021-07-15T02:22:06.362Z"}
{"message":"\"firstName\" with value \"vivek\" fails to match the required pattern: /^[A-Z]{1}[A-Za-z]{2,}/","level":"error","timestamp":"2021-07-15T02:22:41.171Z"}
{"message":"\"lastName\" with value \"patil\" fails to match the required pattern: /^[A-Z]{1}[A-Za-z]{2,}/","level":"error","timestamp":"2021-07-15T02:22:41.178Z"}
{"message":"\"email\" with value \"patilgmail.com\" fails to match the required pattern: /^[a-zA-Z0-9.!#$%&'*+/=?^_`{|}~-]+@[a-zA-Z0-9-]+(?:.[a-zA-Z0-9-]+)*$/","level":"error","timestamp":"2021-07-15T02:22:41.183Z"}
{"message":"\"firstName\" with value \"vivek\" fails to match the required pattern: /^[A-Z]{1}[A-Za-z]{2,}/","level":"error","timestamp":"2021-07-15T02:33:49.580Z"}
{"message":"\"lastName\" with value \"patil\" fails to match the required pattern: /^[A-Z]{1}[A-Za-z]{2,}/","level":"error","timestamp":"2021-07-15T02:33:49.587Z"}
{"message":"\"email\" with value \"patilgmail.com\" fails to match the required pattern: /^[a-zA-Z0-9.!#$%&'*+/=?^_`{|}~-]+@[a-zA-Z0-9-]+(?:.[a-zA-Z0-9-]+)*$/","level":"error","timestamp":"2021-07-15T02:33:49.594Z"}
{"message":"\"firstName\" with value \"vivek\" fails to match the required pattern: /^[A-Z]{1}[A-Za-z]{2,}/","level":"error","timestamp":"2021-07-15T02:38:58.321Z"}
{"message":"\"lastName\" with value \"patil\" fails to match the required pattern: /^[A-Z]{1}[A-Za-z]{2,}/","level":"error","timestamp":"2021-07-15T02:38:58.328Z"}
{"message":"\"email\" with value \"patilgmail.com\" fails to match the required pattern: /^[a-zA-Z0-9.!#$%&'*+/=?^_`{|}~-]+@[a-zA-Z0-9-]+(?:.[a-zA-Z0-9-]+)*$/","level":"error","timestamp":"2021-07-15T02:38:58.334Z"}
{"message":"\"firstName\" with value \"vivek\" fails to match the required pattern: /^[A-Z]{1}[A-Za-z]{2,}/","level":"error","timestamp":"2021-07-15T02:41:24.217Z"}
{"message":"\"lastName\" with value \"patil\" fails to match the required pattern: /^[A-Z]{1}[A-Za-z]{2,}/","level":"error","timestamp":"2021-07-15T02:41:24.224Z"}
{"message":"\"email\" with value \"patilgmail.com\" fails to match the required pattern: /^[a-zA-Z0-9.!#$%&'*+/=?^_`{|}~-]+@[a-zA-Z0-9-]+(?:.[a-zA-Z0-9-]+)*$/","level":"error","timestamp":"2021-07-15T02:41:24.230Z"}
{"message":"\"firstName\" with value \"vivek\" fails to match the required pattern: /^[A-Z]{1}[A-Za-z]{2,}/","level":"error","timestamp":"2021-07-15T02:47:28.174Z"}
{"message":"\"lastName\" with value \"patil\" fails to match the required pattern: /^[A-Z]{1}[A-Za-z]{2,}/","level":"error","timestamp":"2021-07-15T02:47:28.186Z"}
{"message":"\"email\" with value \"patilgmail.com\" fails to match the required pattern: /^[a-zA-Z0-9.!#$%&'*+/=?^_`{|}~-]+@[a-zA-Z0-9-]+(?:.[a-zA-Z0-9-]+)*$/","level":"error","timestamp":"2021-07-15T02:47:28.193Z"}
{"message":"\"firstName\" with value \"vivek\" fails to match the required pattern: /^[A-Z]{1}[A-Za-z]{2,}/","level":"error","timestamp":"2021-07-15T02:53:59.994Z"}
{"message":"\"lastName\" with value \"patil\" fails to match the required pattern: /^[A-Z]{1}[A-Za-z]{2,}/","level":"error","timestamp":"2021-07-15T02:54:00.007Z"}
{"message":"\"email\" with value \"patilgmail.com\" fails to match the required pattern: /^[a-zA-Z0-9.!#$%&'*+/=?^_`{|}~-]+@[a-zA-Z0-9-]+(?:.[a-zA-Z0-9-]+)*$/","level":"error","timestamp":"2021-07-15T02:54:00.015Z"}
{"message":"\"firstName\" with value \"vivek\" fails to match the required pattern: /^[A-Z]{1}[A-Za-z]{2,}/","level":"error","timestamp":"2021-07-15T02:55:48.904Z"}
{"message":"\"lastName\" with value \"patil\" fails to match the required pattern: /^[A-Z]{1}[A-Za-z]{2,}/","level":"error","timestamp":"2021-07-15T02:55:48.911Z"}
{"message":"\"email\" with value \"patilgmail.com\" fails to match the required pattern: /^[a-zA-Z0-9.!#$%&'*+/=?^_`{|}~-]+@[a-zA-Z0-9-]+(?:.[a-zA-Z0-9-]+)*$/","level":"error","timestamp":"2021-07-15T02:55:48.917Z"}
{"message":"\"firstName\" with value \"vivek\" fails to match the required pattern: /^[A-Z]{1}[A-Za-z]{2,}/","level":"error","timestamp":"2021-07-15T02:58:00.682Z"}
{"message":"\"lastName\" with value \"patil\" fails to match the required pattern: /^[A-Z]{1}[A-Za-z]{2,}/","level":"error","timestamp":"2021-07-15T02:58:00.695Z"}
{"message":"\"email\" with value \"patilgmail.com\" fails to match the required pattern: /^[a-zA-Z0-9.!#$%&'*+/=?^_`{|}~-]+@[a-zA-Z0-9-]+(?:.[a-zA-Z0-9-]+)*$/","level":"error","timestamp":"2021-07-15T02:58:00.701Z"}
{"message":"\"firstName\" with value \"vivek\" fails to match the required pattern: /^[A-Z]{1}[A-Za-z]{2,}/","level":"error","timestamp":"2021-07-15T03:03:44.585Z"}
{"message":"\"lastName\" with value \"patil\" fails to match the required pattern: /^[A-Z]{1}[A-Za-z]{2,}/","level":"error","timestamp":"2021-07-15T03:03:44.592Z"}
{"message":"\"email\" with value \"patilgmail.com\" fails to match the required pattern: /^[a-zA-Z0-9.!#$%&'*+/=?^_`{|}~-]+@[a-zA-Z0-9-]+(?:.[a-zA-Z0-9-]+)*$/","level":"error","timestamp":"2021-07-15T03:03:44.598Z"}
{"message":"\"firstName\" with value \"vivek\" fails to match the required pattern: /^[A-Z]{1}[A-Za-z]{2,}/","level":"error","timestamp":"2021-07-15T03:05:22.712Z"}
{"message":"\"lastName\" with value \"patil\" fails to match the required pattern: /^[A-Z]{1}[A-Za-z]{2,}/","level":"error","timestamp":"2021-07-15T03:05:22.726Z"}
{"message":"\"email\" with value \"patilgmail.com\" fails to match the required pattern: /^[a-zA-Z0-9.!#$%&'*+/=?^_`{|}~-]+@[a-zA-Z0-9-]+(?:.[a-zA-Z0-9-]+)*$/","level":"error","timestamp":"2021-07-15T03:05:22.732Z"}
{"message":"\"firstName\" with value \"vivek\" fails to match the required pattern: /^[A-Z]{1}[A-Za-z]{2,}/","level":"error","timestamp":"2021-07-15T03:06:42.150Z"}
{"message":"\"lastName\" with value \"patil\" fails to match the required pattern: /^[A-Z]{1}[A-Za-z]{2,}/","level":"error","timestamp":"2021-07-15T03:06:42.157Z"}
{"message":"\"email\" with value \"patilgmail.com\" fails to match the required pattern: /^[a-zA-Z0-9.!#$%&'*+/=?^_`{|}~-]+@[a-zA-Z0-9-]+(?:.[a-zA-Z0-9-]+)*$/","level":"error","timestamp":"2021-07-15T03:06:42.163Z"}
{"message":"\"firstName\" with value \"vivek\" fails to match the required pattern: /^[A-Z]{1}[A-Za-z]{2,}/","level":"error","timestamp":"2021-07-15T03:07:37.952Z"}
{"message":"\"lastName\" with value \"patil\" fails to match the required pattern: /^[A-Z]{1}[A-Za-z]{2,}/","level":"error","timestamp":"2021-07-15T03:07:37.959Z"}
{"message":"\"email\" with value \"patilgmail.com\" fails to match the required pattern: /^[a-zA-Z0-9.!#$%&'*+/=?^_`{|}~-]+@[a-zA-Z0-9-]+(?:.[a-zA-Z0-9-]+)*$/","level":"error","timestamp":"2021-07-15T03:07:37.965Z"}
{"message":"\"firstName\" with value \"vivek\" fails to match the required pattern: /^[A-Z]{1}[A-Za-z]{2,}/","level":"error","timestamp":"2021-07-15T03:08:12.397Z"}
{"message":"\"lastName\" with value \"patil\" fails to match the required pattern: /^[A-Z]{1}[A-Za-z]{2,}/","level":"error","timestamp":"2021-07-15T03:08:12.404Z"}
{"message":"\"email\" with value \"patilgmail.com\" fails to match the required pattern: /^[a-zA-Z0-9.!#$%&'*+/=?^_`{|}~-]+@[a-zA-Z0-9-]+(?:.[a-zA-Z0-9-]+)*$/","level":"error","timestamp":"2021-07-15T03:08:12.411Z"}
{"message":"\"firstName\" with value \"vivek\" fails to match the required pattern: /^[A-Z]{1}[A-Za-z]{2,}/","level":"error","timestamp":"2021-07-15T03:09:01.750Z"}
{"message":"\"lastName\" with value \"patil\" fails to match the required pattern: /^[A-Z]{1}[A-Za-z]{2,}/","level":"error","timestamp":"2021-07-15T03:09:01.763Z"}
{"message":"\"email\" with value \"patilgmail.com\" fails to match the required pattern: /^[a-zA-Z0-9.!#$%&'*+/=?^_`{|}~-]+@[a-zA-Z0-9-]+(?:.[a-zA-Z0-9-]+)*$/","level":"error","timestamp":"2021-07-15T03:09:01.769Z"}
{"message":"\"firstName\" with value \"vivek\" fails to match the required pattern: /^[A-Z]{1}[A-Za-z]{2,}/","level":"error","timestamp":"2021-07-15T03:12:52.726Z"}
{"message":"\"lastName\" with value \"patil\" fails to match the required pattern: /^[A-Z]{1}[A-Za-z]{2,}/","level":"error","timestamp":"2021-07-15T03:12:52.733Z"}
{"message":"\"email\" with value \"patilgmail.com\" fails to match the required pattern: /^[a-zA-Z0-9.!#$%&'*+/=?^_`{|}~-]+@[a-zA-Z0-9-]+(?:.[a-zA-Z0-9-]+)*$/","level":"error","timestamp":"2021-07-15T03:12:52.739Z"}
{"message":"\"firstName\" with value \"vivek\" fails to match the required pattern: /^[A-Z]{1}[A-Za-z]{2,}/","level":"error","timestamp":"2021-07-15T03:14:49.340Z"}
{"message":"\"lastName\" with value \"patil\" fails to match the required pattern: /^[A-Z]{1}[A-Za-z]{2,}/","level":"error","timestamp":"2021-07-15T03:14:49.347Z"}
{"message":"\"email\" with value \"patilgmail.com\" fails to match the required pattern: /^[a-zA-Z0-9.!#$%&'*+/=?^_`{|}~-]+@[a-zA-Z0-9-]+(?:.[a-zA-Z0-9-]+)*$/","level":"error","timestamp":"2021-07-15T03:14:49.354Z"}
{"message":"\"firstName\" with value \"vivek\" fails to match the required pattern: /^[A-Z]{1}[A-Za-z]{2,}/","level":"error","timestamp":"2021-07-15T03:15:50.830Z"}
{"message":"\"lastName\" with value \"patil\" fails to match the required pattern: /^[A-Z]{1}[A-Za-z]{2,}/","level":"error","timestamp":"2021-07-15T03:15:50.837Z"}
{"message":"\"email\" with value \"patilgmail.com\" fails to match the required pattern: /^[a-zA-Z0-9.!#$%&'*+/=?^_`{|}~-]+@[a-zA-Z0-9-]+(?:.[a-zA-Z0-9-]+)*$/","level":"error","timestamp":"2021-07-15T03:15:50.843Z"}
{"message":"\"firstName\" with value \"vivek\" fails to match the required pattern: /^[A-Z]{1}[A-Za-z]{2,}/","level":"error","timestamp":"2021-07-15T03:22:06.025Z"}
{"message":"\"lastName\" with value \"patil\" fails to match the required pattern: /^[A-Z]{1}[A-Za-z]{2,}/","level":"error","timestamp":"2021-07-15T03:22:06.037Z"}
{"message":"\"email\" with value \"patilgmail.com\" fails to match the required pattern: /^[a-zA-Z0-9.!#$%&'*+/=?^_`{|}~-]+@[a-zA-Z0-9-]+(?:.[a-zA-Z0-9-]+)*$/","level":"error","timestamp":"2021-07-15T03:22:06.044Z"}
{"message":"\"firstName\" with value \"vivek\" fails to match the required pattern: /^[A-Z]{1}[A-Za-z]{2,}/","level":"error","timestamp":"2021-07-15T03:23:11.928Z"}
{"message":"\"lastName\" with value \"patil\" fails to match the required pattern: /^[A-Z]{1}[A-Za-z]{2,}/","level":"error","timestamp":"2021-07-15T03:23:11.941Z"}
{"message":"\"email\" with value \"patilgmail.com\" fails to match the required pattern: /^[a-zA-Z0-9.!#$%&'*+/=?^_`{|}~-]+@[a-zA-Z0-9-]+(?:.[a-zA-Z0-9-]+)*$/","level":"error","timestamp":"2021-07-15T03:23:11.947Z"}
{"message":"\"firstName\" with value \"vivek\" fails to match the required pattern: /^[A-Z]{1}[A-Za-z]{2,}/","level":"error","timestamp":"2021-07-15T03:26:01.633Z"}
{"message":"\"lastName\" with value \"patil\" fails to match the required pattern: /^[A-Z]{1}[A-Za-z]{2,}/","level":"error","timestamp":"2021-07-15T03:26:01.646Z"}
{"message":"\"email\" with value \"patilgmail.com\" fails to match the required pattern: /^[a-zA-Z0-9.!#$%&'*+/=?^_`{|}~-]+@[a-zA-Z0-9-]+(?:.[a-zA-Z0-9-]+)*$/","level":"error","timestamp":"2021-07-15T03:26:01.652Z"}
{"message":"\"firstName\" with value \"vivek\" fails to match the required pattern: /^[A-Z]{1}[A-Za-z]{2,}/","level":"error","timestamp":"2021-07-16T03:22:42.297Z"}
{"message":"\"lastName\" with value \"patil\" fails to match the required pattern: /^[A-Z]{1}[A-Za-z]{2,}/","level":"error","timestamp":"2021-07-16T03:22:42.317Z"}
{"message":"\"email\" with value \"patilgmail.com\" fails to match the required pattern: /^[a-zA-Z0-9.!#$%&'*+/=?^_`{|}~-]+@[a-zA-Z0-9-]+(?:.[a-zA-Z0-9-]+)*$/","level":"error","timestamp":"2021-07-16T03:22:42.331Z"}
{"message":"\"firstName\" with value \"vivek\" fails to match the required pattern: /^[A-Z]{1}[A-Za-z]{2,}/","level":"error","timestamp":"2021-07-16T03:39:41.821Z"}
{"message":"\"lastName\" with value \"patil\" fails to match the required pattern: /^[A-Z]{1}[A-Za-z]{2,}/","level":"error","timestamp":"2021-07-16T03:39:41.828Z"}
{"message":"\"email\" with value \"patilgmail.com\" fails to match the required pattern: /^[a-zA-Z0-9.!#$%&'*+/=?^_`{|}~-]+@[a-zA-Z0-9-]+(?:.[a-zA-Z0-9-]+)*$/","level":"error","timestamp":"2021-07-16T03:39:41.835Z"}
{"message":"\"firstName\" with value \"vivek\" fails to match the required pattern: /^[A-Z]{1}[A-Za-z]{2,}/","level":"error","timestamp":"2021-07-16T03:40:52.501Z"}
{"message":"\"lastName\" with value \"patil\" fails to match the required pattern: /^[A-Z]{1}[A-Za-z]{2,}/","level":"error","timestamp":"2021-07-16T03:40:52.515Z"}
{"message":"\"email\" with value \"patilgmail.com\" fails to match the required pattern: /^[a-zA-Z0-9.!#$%&'*+/=?^_`{|}~-]+@[a-zA-Z0-9-]+(?:.[a-zA-Z0-9-]+)*$/","level":"error","timestamp":"2021-07-16T03:40:52.521Z"}
{"message":"\"firstName\" with value \"vivek\" fails to match the required pattern: /^[A-Z]{1}[A-Za-z]{2,}/","level":"error","timestamp":"2021-07-16T03:41:44.998Z"}
{"message":"\"lastName\" with value \"patil\" fails to match the required pattern: /^[A-Z]{1}[A-Za-z]{2,}/","level":"error","timestamp":"2021-07-16T03:41:45.013Z"}
{"message":"\"email\" with value \"patilgmail.com\" fails to match the required pattern: /^[a-zA-Z0-9.!#$%&'*+/=?^_`{|}~-]+@[a-zA-Z0-9-]+(?:.[a-zA-Z0-9-]+)*$/","level":"error","timestamp":"2021-07-16T03:41:45.020Z"}
{"message":"\"firstName\" with value \"vivek\" fails to match the required pattern: /^[A-Z]{1}[A-Za-z]{2,}/","level":"error","timestamp":"2021-07-16T03:44:14.755Z"}
{"message":"\"lastName\" with value \"patil\" fails to match the required pattern: /^[A-Z]{1}[A-Za-z]{2,}/","level":"error","timestamp":"2021-07-16T03:44:14.763Z"}
{"message":"\"email\" with value \"patilgmail.com\" fails to match the required pattern: /^[a-zA-Z0-9.!#$%&'*+/=?^_`{|}~-]+@[a-zA-Z0-9-]+(?:.[a-zA-Z0-9-]+)*$/","level":"error","timestamp":"2021-07-16T03:44:14.769Z"}
{"message":"\"firstName\" with value \"vivek\" fails to match the required pattern: /^[A-Z]{1}[A-Za-z]{2,}/","level":"error","timestamp":"2021-07-16T03:44:42.720Z"}
{"message":"\"lastName\" with value \"patil\" fails to match the required pattern: /^[A-Z]{1}[A-Za-z]{2,}/","level":"error","timestamp":"2021-07-16T03:44:42.727Z"}
{"message":"\"email\" with value \"patilgmail.com\" fails to match the required pattern: /^[a-zA-Z0-9.!#$%&'*+/=?^_`{|}~-]+@[a-zA-Z0-9-]+(?:.[a-zA-Z0-9-]+)*$/","level":"error","timestamp":"2021-07-16T03:44:42.733Z"}
{"message":"\"password\" with value \"NewPass1234\" fails to match the required pattern: /^(?=.*[A-Z])(?=.*[a-z])(?=.*[0-9])(?=.*[!@#$%^&*])(?=.{8,})/","level":"error","timestamp":"2021-07-16T03:49:44.169Z"}
{"message":"\"firstName\" with value \"vivek\" fails to match the required pattern: /^[A-Z]{1}[A-Za-z]{2,}/","level":"error","timestamp":"2021-07-16T03:56:46.922Z"}
{"message":"\"lastName\" with value \"patil\" fails to match the required pattern: /^[A-Z]{1}[A-Za-z]{2,}/","level":"error","timestamp":"2021-07-16T03:56:46.929Z"}
{"message":"\"email\" with value \"patilgmail.com\" fails to match the required pattern: /^[a-zA-Z0-9.!#$%&'*+/=?^_`{|}~-]+@[a-zA-Z0-9-]+(?:.[a-zA-Z0-9-]+)*$/","level":"error","timestamp":"2021-07-16T03:56:46.936Z"}
{"message":"\"password\" with value \"NewPassword1234\" fails to match the required pattern: /^(?=.*[A-Z])(?=.*[a-z])(?=.*[0-9])(?=.*[!@#$%^&*])(?=.{8,})/","level":"error","timestamp":"2021-07-16T03:56:47.168Z"}
{"message":"\"firstName\" with value \"vivek\" fails to match the required pattern: /^[A-Z]{1}[A-Za-z]{2,}/","level":"error","timestamp":"2021-07-16T03:58:42.766Z"}
{"message":"\"lastName\" with value \"patil\" fails to match the required pattern: /^[A-Z]{1}[A-Za-z]{2,}/","level":"error","timestamp":"2021-07-16T03:58:42.773Z"}
{"message":"\"email\" with value \"patilgmail.com\" fails to match the required pattern: /^[a-zA-Z0-9.!#$%&'*+/=?^_`{|}~-]+@[a-zA-Z0-9-]+(?:.[a-zA-Z0-9-]+)*$/","level":"error","timestamp":"2021-07-16T03:58:42.781Z"}
{"message":"\"password\" with value \"NewPassword1234\" fails to match the required pattern: /^(?=.*[A-Z])(?=.*[a-z])(?=.*[0-9])(?=.*[!@#$%^&*])(?=.{8,})/","level":"error","timestamp":"2021-07-16T03:58:45.043Z"}
{"message":"\"firstName\" with value \"vivek\" fails to match the required pattern: /^[A-Z]{1}[A-Za-z]{2,}/","level":"error","timestamp":"2021-07-16T04:01:08.675Z"}
{"message":"\"lastName\" with value \"patil\" fails to match the required pattern: /^[A-Z]{1}[A-Za-z]{2,}/","level":"error","timestamp":"2021-07-16T04:01:08.684Z"}
{"message":"\"email\" with value \"patilgmail.com\" fails to match the required pattern: /^[a-zA-Z0-9.!#$%&'*+/=?^_`{|}~-]+@[a-zA-Z0-9-]+(?:.[a-zA-Z0-9-]+)*$/","level":"error","timestamp":"2021-07-16T04:01:08.691Z"}
{"message":"\"password\" with value \"NewPassword1234\" fails to match the required pattern: /^(?=.*[A-Z])(?=.*[a-z])(?=.*[0-9])(?=.*[!@#$%^&*])(?=.{8,})/","level":"error","timestamp":"2021-07-16T04:01:10.939Z"}
{"message":"\"firstName\" with value \"vivek\" fails to match the required pattern: /^[A-Z]{1}[A-Za-z]{2,}/","level":"error","timestamp":"2021-07-16T04:02:48.038Z"}
{"message":"\"lastName\" with value \"patil\" fails to match the required pattern: /^[A-Z]{1}[A-Za-z]{2,}/","level":"error","timestamp":"2021-07-16T04:02:48.051Z"}
{"message":"\"email\" with value \"patilgmail.com\" fails to match the required pattern: /^[a-zA-Z0-9.!#$%&'*+/=?^_`{|}~-]+@[a-zA-Z0-9-]+(?:.[a-zA-Z0-9-]+)*$/","level":"error","timestamp":"2021-07-16T04:02:48.058Z"}
{"message":"\"password\" with value \"NewPassword1234\" fails to match the required pattern: /^(?=.*[A-Z])(?=.*[a-z])(?=.*[0-9])(?=.*[!@#$%^&*])(?=.{8,})/","level":"error","timestamp":"2021-07-16T04:02:50.304Z"}
{"message":"\"firstName\" with value \"vivek\" fails to match the required pattern: /^[A-Z]{1}[A-Za-z]{2,}/","level":"error","timestamp":"2021-07-16T04:04:00.315Z"}
{"message":"\"lastName\" with value \"patil\" fails to match the required pattern: /^[A-Z]{1}[A-Za-z]{2,}/","level":"error","timestamp":"2021-07-16T04:04:00.322Z"}
{"message":"\"email\" with value \"patilgmail.com\" fails to match the required pattern: /^[a-zA-Z0-9.!#$%&'*+/=?^_`{|}~-]+@[a-zA-Z0-9-]+(?:.[a-zA-Z0-9-]+)*$/","level":"error","timestamp":"2021-07-16T04:04:00.329Z"}
{"message":"\"firstName\" with value \"vivek\" fails to match the required pattern: /^[A-Z]{1}[A-Za-z]{2,}/","level":"error","timestamp":"2021-07-16T04:07:30.763Z"}
{"message":"\"lastName\" with value \"patil\" fails to match the required pattern: /^[A-Z]{1}[A-Za-z]{2,}/","level":"error","timestamp":"2021-07-16T04:07:30.772Z"}
{"message":"\"email\" with value \"patilgmail.com\" fails to match the required pattern: /^[a-zA-Z0-9.!#$%&'*+/=?^_`{|}~-]+@[a-zA-Z0-9-]+(?:.[a-zA-Z0-9-]+)*$/","level":"error","timestamp":"2021-07-16T04:07:30.779Z"}
{"message":"\"firstName\" with value \"vivek\" fails to match the required pattern: /^[A-Z]{1}[A-Za-z]{2,}/","level":"error","timestamp":"2021-07-16T04:08:57.491Z"}
{"message":"\"lastName\" with value \"patil\" fails to match the required pattern: /^[A-Z]{1}[A-Za-z]{2,}/","level":"error","timestamp":"2021-07-16T04:08:57.504Z"}
{"message":"\"email\" with value \"patilgmail.com\" fails to match the required pattern: /^[a-zA-Z0-9.!#$%&'*+/=?^_`{|}~-]+@[a-zA-Z0-9-]+(?:.[a-zA-Z0-9-]+)*$/","level":"error","timestamp":"2021-07-16T04:08:57.511Z"}
{"message":"\"firstName\" with value \"vivek\" fails to match the required pattern: /^[A-Z]{1}[A-Za-z]{2,}/","level":"error","timestamp":"2021-07-16T04:11:19.454Z"}
{"message":"\"lastName\" with value \"patil\" fails to match the required pattern: /^[A-Z]{1}[A-Za-z]{2,}/","level":"error","timestamp":"2021-07-16T04:11:19.461Z"}
{"message":"\"email\" with value \"patilgmail.com\" fails to match the required pattern: /^[a-zA-Z0-9.!#$%&'*+/=?^_`{|}~-]+@[a-zA-Z0-9-]+(?:.[a-zA-Z0-9-]+)*$/","level":"error","timestamp":"2021-07-16T04:11:19.468Z"}
{"message":"\"firstName\" with value \"vivek\" fails to match the required pattern: /^[A-Z]{1}[A-Za-z]{2,}/","level":"error","timestamp":"2021-07-16T04:11:49.845Z"}
{"message":"\"lastName\" with value \"patil\" fails to match the required pattern: /^[A-Z]{1}[A-Za-z]{2,}/","level":"error","timestamp":"2021-07-16T04:11:49.853Z"}
{"message":"\"email\" with value \"patilgmail.com\" fails to match the required pattern: /^[a-zA-Z0-9.!#$%&'*+/=?^_`{|}~-]+@[a-zA-Z0-9-]+(?:.[a-zA-Z0-9-]+)*$/","level":"error","timestamp":"2021-07-16T04:11:49.859Z"}
{"message":"\"firstName\" with value \"vivek\" fails to match the required pattern: /^[A-Z]{1}[A-Za-z]{2,}/","level":"error","timestamp":"2021-07-16T04:12:46.455Z"}
{"message":"\"lastName\" with value \"patil\" fails to match the required pattern: /^[A-Z]{1}[A-Za-z]{2,}/","level":"error","timestamp":"2021-07-16T04:12:46.469Z"}
{"message":"\"email\" with value \"patilgmail.com\" fails to match the required pattern: /^[a-zA-Z0-9.!#$%&'*+/=?^_`{|}~-]+@[a-zA-Z0-9-]+(?:.[a-zA-Z0-9-]+)*$/","level":"error","timestamp":"2021-07-16T04:12:46.475Z"}
{"message":"\"firstName\" with value \"vivek\" fails to match the required pattern: /^[A-Z]{1}[A-Za-z]{2,}/","level":"error","timestamp":"2021-07-16T04:13:22.800Z"}
{"message":"\"lastName\" with value \"patil\" fails to match the required pattern: /^[A-Z]{1}[A-Za-z]{2,}/","level":"error","timestamp":"2021-07-16T04:13:22.814Z"}
{"message":"\"email\" with value \"patilgmail.com\" fails to match the required pattern: /^[a-zA-Z0-9.!#$%&'*+/=?^_`{|}~-]+@[a-zA-Z0-9-]+(?:.[a-zA-Z0-9-]+)*$/","level":"error","timestamp":"2021-07-16T04:13:22.820Z"}
{"message":"\"firstName\" with value \"vivek\" fails to match the required pattern: /^[A-Z]{1}[A-Za-z]{2,}/","level":"error","timestamp":"2021-07-16T04:15:10.492Z"}
{"message":"\"lastName\" with value \"patil\" fails to match the required pattern: /^[A-Z]{1}[A-Za-z]{2,}/","level":"error","timestamp":"2021-07-16T04:15:10.505Z"}
{"message":"\"email\" with value \"patilgmail.com\" fails to match the required pattern: /^[a-zA-Z0-9.!#$%&'*+/=?^_`{|}~-]+@[a-zA-Z0-9-]+(?:.[a-zA-Z0-9-]+)*$/","level":"error","timestamp":"2021-07-16T04:15:10.511Z"}
{"message":"\"firstName\" with value \"vivek\" fails to match the required pattern: /^[A-Z]{1}[A-Za-z]{2,}/","level":"error","timestamp":"2021-07-16T04:16:28.313Z"}
{"message":"\"lastName\" with value \"patil\" fails to match the required pattern: /^[A-Z]{1}[A-Za-z]{2,}/","level":"error","timestamp":"2021-07-16T04:16:28.326Z"}
{"message":"\"email\" with value \"patilgmail.com\" fails to match the required pattern: /^[a-zA-Z0-9.!#$%&'*+/=?^_`{|}~-]+@[a-zA-Z0-9-]+(?:.[a-zA-Z0-9-]+)*$/","level":"error","timestamp":"2021-07-16T04:16:28.333Z"}
{"message":"\"firstName\" with value \"vivek\" fails to match the required pattern: /^[A-Z]{1}[A-Za-z]{2,}/","level":"error","timestamp":"2021-07-16T04:17:17.386Z"}
{"message":"\"lastName\" with value \"patil\" fails to match the required pattern: /^[A-Z]{1}[A-Za-z]{2,}/","level":"error","timestamp":"2021-07-16T04:17:17.393Z"}
{"message":"\"email\" with value \"patilgmail.com\" fails to match the required pattern: /^[a-zA-Z0-9.!#$%&'*+/=?^_`{|}~-]+@[a-zA-Z0-9-]+(?:.[a-zA-Z0-9-]+)*$/","level":"error","timestamp":"2021-07-16T04:17:17.402Z"}
{"message":"\"firstName\" with value \"vivek\" fails to match the required pattern: /^[A-Z]{1}[A-Za-z]{2,}/","level":"error","timestamp":"2021-07-16T04:18:31.084Z"}
{"message":"\"lastName\" with value \"patil\" fails to match the required pattern: /^[A-Z]{1}[A-Za-z]{2,}/","level":"error","timestamp":"2021-07-16T04:18:31.091Z"}
{"message":"\"email\" with value \"patilgmail.com\" fails to match the required pattern: /^[a-zA-Z0-9.!#$%&'*+/=?^_`{|}~-]+@[a-zA-Z0-9-]+(?:.[a-zA-Z0-9-]+)*$/","level":"error","timestamp":"2021-07-16T04:18:31.098Z"}
{"message":"\"firstName\" with value \"vivek\" fails to match the required pattern: /^[A-Z]{1}[A-Za-z]{2,}/","level":"error","timestamp":"2021-07-16T04:20:06.888Z"}
{"message":"\"lastName\" with value \"patil\" fails to match the required pattern: /^[A-Z]{1}[A-Za-z]{2,}/","level":"error","timestamp":"2021-07-16T04:20:06.902Z"}
{"message":"\"email\" with value \"patilgmail.com\" fails to match the required pattern: /^[a-zA-Z0-9.!#$%&'*+/=?^_`{|}~-]+@[a-zA-Z0-9-]+(?:.[a-zA-Z0-9-]+)*$/","level":"error","timestamp":"2021-07-16T04:20:06.909Z"}
{"message":"\"firstName\" with value \"vivek\" fails to match the required pattern: /^[A-Z]{1}[A-Za-z]{2,}/","level":"error","timestamp":"2021-07-16T04:22:35.808Z"}
{"message":"\"lastName\" with value \"patil\" fails to match the required pattern: /^[A-Z]{1}[A-Za-z]{2,}/","level":"error","timestamp":"2021-07-16T04:22:35.815Z"}
{"message":"\"email\" with value \"patilgmail.com\" fails to match the required pattern: /^[a-zA-Z0-9.!#$%&'*+/=?^_`{|}~-]+@[a-zA-Z0-9-]+(?:.[a-zA-Z0-9-]+)*$/","level":"error","timestamp":"2021-07-16T04:22:35.821Z"}
{"message":"\"firstName\" with value \"vivek\" fails to match the required pattern: /^[A-Z]{1}[A-Za-z]{2,}/","level":"error","timestamp":"2021-07-16T04:30:19.546Z"}
{"message":"\"lastName\" with value \"patil\" fails to match the required pattern: /^[A-Z]{1}[A-Za-z]{2,}/","level":"error","timestamp":"2021-07-16T04:30:19.553Z"}
{"message":"\"email\" with value \"patilgmail.com\" fails to match the required pattern: /^[a-zA-Z0-9.!#$%&'*+/=?^_`{|}~-]+@[a-zA-Z0-9-]+(?:.[a-zA-Z0-9-]+)*$/","level":"error","timestamp":"2021-07-16T04:30:19.561Z"}
{"message":"\"firstName\" with value \"vivek\" fails to match the required pattern: /^[A-Z]{1}[A-Za-z]{2,}/","level":"error","timestamp":"2021-07-16T04:31:05.350Z"}
{"message":"\"lastName\" with value \"patil\" fails to match the required pattern: /^[A-Z]{1}[A-Za-z]{2,}/","level":"error","timestamp":"2021-07-16T04:31:05.363Z"}
{"message":"\"email\" with value \"patilgmail.com\" fails to match the required pattern: /^[a-zA-Z0-9.!#$%&'*+/=?^_`{|}~-]+@[a-zA-Z0-9-]+(?:.[a-zA-Z0-9-]+)*$/","level":"error","timestamp":"2021-07-16T04:31:05.370Z"}
{"message":"\"firstName\" with value \"vivek\" fails to match the required pattern: /^[A-Z]{1}[A-Za-z]{2,}/","level":"error","timestamp":"2021-07-16T04:33:28.514Z"}
{"message":"\"lastName\" with value \"patil\" fails to match the required pattern: /^[A-Z]{1}[A-Za-z]{2,}/","level":"error","timestamp":"2021-07-16T04:33:28.521Z"}
{"message":"\"email\" with value \"patilgmail.com\" fails to match the required pattern: /^[a-zA-Z0-9.!#$%&'*+/=?^_`{|}~-]+@[a-zA-Z0-9-]+(?:.[a-zA-Z0-9-]+)*$/","level":"error","timestamp":"2021-07-16T04:33:28.527Z"}
{"message":"\"firstName\" with value \"vivek\" fails to match the required pattern: /^[A-Z]{1}[A-Za-z]{2,}/","level":"error","timestamp":"2021-07-16T04:34:23.976Z"}
{"message":"\"lastName\" with value \"patil\" fails to match the required pattern: /^[A-Z]{1}[A-Za-z]{2,}/","level":"error","timestamp":"2021-07-16T04:34:23.989Z"}
{"message":"\"email\" with value \"patilgmail.com\" fails to match the required pattern: /^[a-zA-Z0-9.!#$%&'*+/=?^_`{|}~-]+@[a-zA-Z0-9-]+(?:.[a-zA-Z0-9-]+)*$/","level":"error","timestamp":"2021-07-16T04:34:23.996Z"}
{"message":"\"firstName\" with value \"vivek\" fails to match the required pattern: /^[A-Z]{1}[A-Za-z]{2,}/","level":"error","timestamp":"2021-07-16T04:36:00.395Z"}
{"message":"\"lastName\" with value \"patil\" fails to match the required pattern: /^[A-Z]{1}[A-Za-z]{2,}/","level":"error","timestamp":"2021-07-16T04:36:00.403Z"}
{"message":"\"email\" with value \"patilgmail.com\" fails to match the required pattern: /^[a-zA-Z0-9.!#$%&'*+/=?^_`{|}~-]+@[a-zA-Z0-9-]+(?:.[a-zA-Z0-9-]+)*$/","level":"error","timestamp":"2021-07-16T04:36:00.409Z"}
{"message":"\"firstName\" with value \"vivek\" fails to match the required pattern: /^[A-Z]{1}[A-Za-z]{2,}/","level":"error","timestamp":"2021-07-16T04:39:51.308Z"}
{"message":"\"lastName\" with value \"patil\" fails to match the required pattern: /^[A-Z]{1}[A-Za-z]{2,}/","level":"error","timestamp":"2021-07-16T04:39:51.322Z"}
{"message":"\"email\" with value \"patilgmail.com\" fails to match the required pattern: /^[a-zA-Z0-9.!#$%&'*+/=?^_`{|}~-]+@[a-zA-Z0-9-]+(?:.[a-zA-Z0-9-]+)*$/","level":"error","timestamp":"2021-07-16T04:39:51.328Z"}
{"message":"\"firstName\" with value \"vivek\" fails to match the required pattern: /^[A-Z]{1}[A-Za-z]{2,}/","level":"error","timestamp":"2021-07-16T04:45:06.114Z"}
{"message":"\"lastName\" with value \"patil\" fails to match the required pattern: /^[A-Z]{1}[A-Za-z]{2,}/","level":"error","timestamp":"2021-07-16T04:45:06.128Z"}
{"message":"\"email\" with value \"patilgmail.com\" fails to match the required pattern: /^[a-zA-Z0-9.!#$%&'*+/=?^_`{|}~-]+@[a-zA-Z0-9-]+(?:.[a-zA-Z0-9-]+)*$/","level":"error","timestamp":"2021-07-16T04:45:06.134Z"}
{"message":"\"firstName\" with value \"vivek\" fails to match the required pattern: /^[A-Z]{1}[A-Za-z]{2,}/","level":"error","timestamp":"2021-07-16T04:46:03.520Z"}
{"message":"\"lastName\" with value \"patil\" fails to match the required pattern: /^[A-Z]{1}[A-Za-z]{2,}/","level":"error","timestamp":"2021-07-16T04:46:03.535Z"}
{"message":"\"email\" with value \"patilgmail.com\" fails to match the required pattern: /^[a-zA-Z0-9.!#$%&'*+/=?^_`{|}~-]+@[a-zA-Z0-9-]+(?:.[a-zA-Z0-9-]+)*$/","level":"error","timestamp":"2021-07-16T04:46:03.542Z"}
{"message":"\"firstName\" with value \"vivek\" fails to match the required pattern: /^[A-Z]{1}[A-Za-z]{2,}/","level":"error","timestamp":"2021-07-16T04:47:29.409Z"}
{"message":"\"lastName\" with value \"patil\" fails to match the required pattern: /^[A-Z]{1}[A-Za-z]{2,}/","level":"error","timestamp":"2021-07-16T04:47:29.423Z"}
{"message":"\"email\" with value \"patilgmail.com\" fails to match the required pattern: /^[a-zA-Z0-9.!#$%&'*+/=?^_`{|}~-]+@[a-zA-Z0-9-]+(?:.[a-zA-Z0-9-]+)*$/","level":"error","timestamp":"2021-07-16T04:47:29.429Z"}
{"message":"\"firstName\" with value \"vivek\" fails to match the required pattern: /^[A-Z]{1}[A-Za-z]{2,}/","level":"error","timestamp":"2021-07-16T06:08:10.378Z"}
{"message":"\"lastName\" with value \"patil\" fails to match the required pattern: /^[A-Z]{1}[A-Za-z]{2,}/","level":"error","timestamp":"2021-07-16T06:08:10.388Z"}
{"message":"\"email\" with value \"patilgmail.com\" fails to match the required pattern: /^[a-zA-Z0-9.!#$%&'*+/=?^_`{|}~-]+@[a-zA-Z0-9-]+(?:.[a-zA-Z0-9-]+)*$/","level":"error","timestamp":"2021-07-16T06:08:10.396Z"}
{"message":"\"firstName\" with value \"vivek\" fails to match the required pattern: /^[A-Z]{1}[A-Za-z]{2,}/","level":"error","timestamp":"2021-07-16T06:18:08.773Z"}
{"message":"\"lastName\" with value \"patil\" fails to match the required pattern: /^[A-Z]{1}[A-Za-z]{2,}/","level":"error","timestamp":"2021-07-16T06:18:08.786Z"}
{"message":"\"email\" with value \"patilgmail.com\" fails to match the required pattern: /^[a-zA-Z0-9.!#$%&'*+/=?^_`{|}~-]+@[a-zA-Z0-9-]+(?:.[a-zA-Z0-9-]+)*$/","level":"error","timestamp":"2021-07-16T06:18:08.793Z"}
{"message":"\"firstName\" with value \"vivek\" fails to match the required pattern: /^[A-Z]{1}[A-Za-z]{2,}/","level":"error","timestamp":"2021-07-16T07:19:04.199Z"}
{"message":"\"lastName\" with value \"patil\" fails to match the required pattern: /^[A-Z]{1}[A-Za-z]{2,}/","level":"error","timestamp":"2021-07-16T07:19:04.212Z"}
{"message":"\"email\" with value \"patilgmail.com\" fails to match the required pattern: /^[a-zA-Z0-9.!#$%&'*+/=?^_`{|}~-]+@[a-zA-Z0-9-]+(?:.[a-zA-Z0-9-]+)*$/","level":"error","timestamp":"2021-07-16T07:19:04.218Z"}
{"message":"\"firstName\" with value \"vivek\" fails to match the required pattern: /^[A-Z]{1}[A-Za-z]{2,}/","level":"error","timestamp":"2021-07-16T07:19:37.798Z"}
{"message":"\"lastName\" with value \"patil\" fails to match the required pattern: /^[A-Z]{1}[A-Za-z]{2,}/","level":"error","timestamp":"2021-07-16T07:19:37.809Z"}
{"message":"\"email\" with value \"patilgmail.com\" fails to match the required pattern: /^[a-zA-Z0-9.!#$%&'*+/=?^_`{|}~-]+@[a-zA-Z0-9-]+(?:.[a-zA-Z0-9-]+)*$/","level":"error","timestamp":"2021-07-16T07:19:37.817Z"}
{"message":"\"firstName\" with value \"vivek\" fails to match the required pattern: /^[A-Z]{1}[A-Za-z]{2,}/","level":"error","timestamp":"2021-07-16T10:24:50.418Z"}
{"message":"\"lastName\" with value \"patil\" fails to match the required pattern: /^[A-Z]{1}[A-Za-z]{2,}/","level":"error","timestamp":"2021-07-16T10:24:50.426Z"}
{"message":"\"email\" with value \"patilgmail.com\" fails to match the required pattern: /^[a-zA-Z0-9.!#$%&'*+/=?^_`{|}~-]+@[a-zA-Z0-9-]+(?:.[a-zA-Z0-9-]+)*$/","level":"error","timestamp":"2021-07-16T10:24:50.432Z"}
{"message":"\"firstName\" with value \"vivek\" fails to match the required pattern: /^[A-Z]{1}[A-Za-z]{2,}/","level":"error","timestamp":"2021-07-16T10:31:24.006Z"}
{"message":"\"lastName\" with value \"patil\" fails to match the required pattern: /^[A-Z]{1}[A-Za-z]{2,}/","level":"error","timestamp":"2021-07-16T10:31:24.013Z"}
{"message":"\"email\" with value \"patilgmail.com\" fails to match the required pattern: /^[a-zA-Z0-9.!#$%&'*+/=?^_`{|}~-]+@[a-zA-Z0-9-]+(?:.[a-zA-Z0-9-]+)*$/","level":"error","timestamp":"2021-07-16T10:31:24.020Z"}
{"message":"\"firstName\" with value \"vivek\" fails to match the required pattern: /^[A-Z]{1}[A-Za-z]{2,}/","level":"error","timestamp":"2021-07-16T10:32:06.350Z"}
{"message":"\"lastName\" with value \"patil\" fails to match the required pattern: /^[A-Z]{1}[A-Za-z]{2,}/","level":"error","timestamp":"2021-07-16T10:32:06.365Z"}
{"message":"\"email\" with value \"patilgmail.com\" fails to match the required pattern: /^[a-zA-Z0-9.!#$%&'*+/=?^_`{|}~-]+@[a-zA-Z0-9-]+(?:.[a-zA-Z0-9-]+)*$/","level":"error","timestamp":"2021-07-16T10:32:06.371Z"}
{"message":"\"firstName\" with value \"vivek\" fails to match the required pattern: /^[A-Z]{1}[A-Za-z]{2,}/","level":"error","timestamp":"2021-07-16T10:38:38.074Z"}
{"message":"\"lastName\" with value \"patil\" fails to match the required pattern: /^[A-Z]{1}[A-Za-z]{2,}/","level":"error","timestamp":"2021-07-16T10:38:38.082Z"}
{"message":"\"email\" with value \"patilgmail.com\" fails to match the required pattern: /^[a-zA-Z0-9.!#$%&'*+/=?^_`{|}~-]+@[a-zA-Z0-9-]+(?:.[a-zA-Z0-9-]+)*$/","level":"error","timestamp":"2021-07-16T10:38:38.088Z"}
{"message":"\"firstName\" with value \"vivek\" fails to match the required pattern: /^[A-Z]{1}[A-Za-z]{2,}/","level":"error","timestamp":"2021-07-16T10:50:27.618Z"}
{"message":"\"lastName\" with value \"patil\" fails to match the required pattern: /^[A-Z]{1}[A-Za-z]{2,}/","level":"error","timestamp":"2021-07-16T10:50:27.626Z"}
{"message":"\"email\" with value \"patilgmail.com\" fails to match the required pattern: /^[a-zA-Z0-9.!#$%&'*+/=?^_`{|}~-]+@[a-zA-Z0-9-]+(?:.[a-zA-Z0-9-]+)*$/","level":"error","timestamp":"2021-07-16T10:50:27.634Z"}
{"message":"\"firstName\" with value \"vivek\" fails to match the required pattern: /^[A-Z]{1}[A-Za-z]{2,}/","level":"error","timestamp":"2021-07-16T10:54:15.686Z"}
{"message":"\"lastName\" with value \"patil\" fails to match the required pattern: /^[A-Z]{1}[A-Za-z]{2,}/","level":"error","timestamp":"2021-07-16T10:54:15.698Z"}
{"message":"\"email\" with value \"patilgmail.com\" fails to match the required pattern: /^[a-zA-Z0-9.!#$%&'*+/=?^_`{|}~-]+@[a-zA-Z0-9-]+(?:.[a-zA-Z0-9-]+)*$/","level":"error","timestamp":"2021-07-16T10:54:15.705Z"}
{"message":"\"firstName\" with value \"vivek\" fails to match the required pattern: /^[A-Z]{1}[A-Za-z]{2,}/","level":"error","timestamp":"2021-07-16T11:22:03.724Z"}
{"message":"\"lastName\" with value \"patil\" fails to match the required pattern: /^[A-Z]{1}[A-Za-z]{2,}/","level":"error","timestamp":"2021-07-16T11:22:03.747Z"}
{"message":"\"email\" with value \"patilgmail.com\" fails to match the required pattern: /^[a-zA-Z0-9.!#$%&'*+/=?^_`{|}~-]+@[a-zA-Z0-9-]+(?:.[a-zA-Z0-9-]+)*$/","level":"error","timestamp":"2021-07-16T11:22:03.754Z"}
{"message":"\"firstName\" with value \"vivek\" fails to match the required pattern: /^[A-Z]{1}[A-Za-z]{2,}/","level":"error","timestamp":"2021-07-16T11:35:59.971Z"}
{"message":"\"lastName\" with value \"patil\" fails to match the required pattern: /^[A-Z]{1}[A-Za-z]{2,}/","level":"error","timestamp":"2021-07-16T11:35:59.984Z"}
{"message":"\"email\" with value \"patilgmail.com\" fails to match the required pattern: /^[a-zA-Z0-9.!#$%&'*+/=?^_`{|}~-]+@[a-zA-Z0-9-]+(?:.[a-zA-Z0-9-]+)*$/","level":"error","timestamp":"2021-07-16T11:35:59.992Z"}
{"message":"\"firstName\" with value \"vivek\" fails to match the required pattern: /^[A-Z]{1}[A-Za-z]{2,}/","level":"error","timestamp":"2021-07-16T11:37:17.196Z"}
{"message":"\"lastName\" with value \"patil\" fails to match the required pattern: /^[A-Z]{1}[A-Za-z]{2,}/","level":"error","timestamp":"2021-07-16T11:37:17.211Z"}
{"message":"\"email\" with value \"patilgmail.com\" fails to match the required pattern: /^[a-zA-Z0-9.!#$%&'*+/=?^_`{|}~-]+@[a-zA-Z0-9-]+(?:.[a-zA-Z0-9-]+)*$/","level":"error","timestamp":"2021-07-16T11:37:17.217Z"}
{"message":"\"firstName\" with value \"vivek\" fails to match the required pattern: /^[A-Z]{1}[A-Za-z]{2,}/","level":"error","timestamp":"2021-07-16T11:40:18.640Z"}
{"message":"\"lastName\" with value \"patil\" fails to match the required pattern: /^[A-Z]{1}[A-Za-z]{2,}/","level":"error","timestamp":"2021-07-16T11:40:18.654Z"}
{"message":"\"email\" with value \"patilgmail.com\" fails to match the required pattern: /^[a-zA-Z0-9.!#$%&'*+/=?^_`{|}~-]+@[a-zA-Z0-9-]+(?:.[a-zA-Z0-9-]+)*$/","level":"error","timestamp":"2021-07-16T11:40:18.660Z"}
{"message":"\"firstName\" with value \"vivek\" fails to match the required pattern: /^[A-Z]{1}[A-Za-z]{2,}/","level":"error","timestamp":"2021-07-16T11:47:44.568Z"}
{"message":"\"lastName\" with value \"patil\" fails to match the required pattern: /^[A-Z]{1}[A-Za-z]{2,}/","level":"error","timestamp":"2021-07-16T11:47:44.577Z"}
{"message":"\"email\" with value \"patilgmail.com\" fails to match the required pattern: /^[a-zA-Z0-9.!#$%&'*+/=?^_`{|}~-]+@[a-zA-Z0-9-]+(?:.[a-zA-Z0-9-]+)*$/","level":"error","timestamp":"2021-07-16T11:47:44.582Z"}
{"message":"\"firstName\" with value \"vivek\" fails to match the required pattern: /^[A-Z]{1}[A-Za-z]{2,}/","level":"error","timestamp":"2021-07-16T11:49:29.557Z"}
{"message":"\"lastName\" with value \"patil\" fails to match the required pattern: /^[A-Z]{1}[A-Za-z]{2,}/","level":"error","timestamp":"2021-07-16T11:49:29.564Z"}
{"message":"\"email\" with value \"patilgmail.com\" fails to match the required pattern: /^[a-zA-Z0-9.!#$%&'*+/=?^_`{|}~-]+@[a-zA-Z0-9-]+(?:.[a-zA-Z0-9-]+)*$/","level":"error","timestamp":"2021-07-16T11:49:29.570Z"}
{"message":"\"firstName\" with value \"vivek\" fails to match the required pattern: /^[A-Z]{1}[A-Za-z]{2,}/","level":"error","timestamp":"2021-07-16T11:51:37.574Z"}
{"message":"\"lastName\" with value \"patil\" fails to match the required pattern: /^[A-Z]{1}[A-Za-z]{2,}/","level":"error","timestamp":"2021-07-16T11:51:37.582Z"}
{"message":"\"email\" with value \"patilgmail.com\" fails to match the required pattern: /^[a-zA-Z0-9.!#$%&'*+/=?^_`{|}~-]+@[a-zA-Z0-9-]+(?:.[a-zA-Z0-9-]+)*$/","level":"error","timestamp":"2021-07-16T11:51:37.587Z"}
{"message":"\"firstName\" with value \"vivek\" fails to match the required pattern: /^[A-Z]{1}[A-Za-z]{2,}/","level":"error","timestamp":"2021-07-16T11:54:26.059Z"}
{"message":"\"lastName\" with value \"patil\" fails to match the required pattern: /^[A-Z]{1}[A-Za-z]{2,}/","level":"error","timestamp":"2021-07-16T11:54:26.065Z"}
{"message":"\"email\" with value \"patilgmail.com\" fails to match the required pattern: /^[a-zA-Z0-9.!#$%&'*+/=?^_`{|}~-]+@[a-zA-Z0-9-]+(?:.[a-zA-Z0-9-]+)*$/","level":"error","timestamp":"2021-07-16T11:54:26.070Z"}
{"message":"\"firstName\" with value \"vivek\" fails to match the required pattern: /^[A-Z]{1}[A-Za-z]{2,}/","level":"error","timestamp":"2021-07-16T11:57:44.769Z"}
{"message":"\"lastName\" with value \"patil\" fails to match the required pattern: /^[A-Z]{1}[A-Za-z]{2,}/","level":"error","timestamp":"2021-07-16T11:57:44.782Z"}
{"message":"\"email\" with value \"patilgmail.com\" fails to match the required pattern: /^[a-zA-Z0-9.!#$%&'*+/=?^_`{|}~-]+@[a-zA-Z0-9-]+(?:.[a-zA-Z0-9-]+)*$/","level":"error","timestamp":"2021-07-16T11:57:44.791Z"}
{"message":"\"firstName\" with value \"vivek\" fails to match the required pattern: /^[A-Z]{1}[A-Za-z]{2,}/","level":"error","timestamp":"2021-07-16T11:59:52.465Z"}
{"message":"\"lastName\" with value \"patil\" fails to match the required pattern: /^[A-Z]{1}[A-Za-z]{2,}/","level":"error","timestamp":"2021-07-16T11:59:52.473Z"}
{"message":"\"email\" with value \"patilgmail.com\" fails to match the required pattern: /^[a-zA-Z0-9.!#$%&'*+/=?^_`{|}~-]+@[a-zA-Z0-9-]+(?:.[a-zA-Z0-9-]+)*$/","level":"error","timestamp":"2021-07-16T11:59:52.478Z"}
{"message":"\"firstName\" with value \"vivek\" fails to match the required pattern: /^[A-Z]{1}[A-Za-z]{2,}/","level":"error","timestamp":"2021-07-16T12:04:36.420Z"}
{"message":"\"lastName\" with value \"patil\" fails to match the required pattern: /^[A-Z]{1}[A-Za-z]{2,}/","level":"error","timestamp":"2021-07-16T12:04:36.432Z"}
{"message":"\"email\" with value \"patilgmail.com\" fails to match the required pattern: /^[a-zA-Z0-9.!#$%&'*+/=?^_`{|}~-]+@[a-zA-Z0-9-]+(?:.[a-zA-Z0-9-]+)*$/","level":"error","timestamp":"2021-07-16T12:04:36.438Z"}
{"message":"\"firstName\" with value \"vivek\" fails to match the required pattern: /^[A-Z]{1}[A-Za-z]{2,}/","level":"error","timestamp":"2021-07-16T12:05:01.817Z"}
{"message":"\"lastName\" with value \"patil\" fails to match the required pattern: /^[A-Z]{1}[A-Za-z]{2,}/","level":"error","timestamp":"2021-07-16T12:05:01.826Z"}
{"message":"\"email\" with value \"patilgmail.com\" fails to match the required pattern: /^[a-zA-Z0-9.!#$%&'*+/=?^_`{|}~-]+@[a-zA-Z0-9-]+(?:.[a-zA-Z0-9-]+)*$/","level":"error","timestamp":"2021-07-16T12:05:01.835Z"}
{"message":"\"firstName\" with value \"vivek\" fails to match the required pattern: /^[A-Z]{1}[A-Za-z]{2,}/","level":"error","timestamp":"2021-07-16T12:06:11.100Z"}
{"message":"\"lastName\" with value \"patil\" fails to match the required pattern: /^[A-Z]{1}[A-Za-z]{2,}/","level":"error","timestamp":"2021-07-16T12:06:11.112Z"}
{"message":"\"email\" with value \"patilgmail.com\" fails to match the required pattern: /^[a-zA-Z0-9.!#$%&'*+/=?^_`{|}~-]+@[a-zA-Z0-9-]+(?:.[a-zA-Z0-9-]+)*$/","level":"error","timestamp":"2021-07-16T12:06:11.118Z"}
{"message":"\"firstName\" with value \"vivek\" fails to match the required pattern: /^[A-Z]{1}[A-Za-z]{2,}/","level":"error","timestamp":"2021-07-16T12:07:06.144Z"}
{"message":"\"lastName\" with value \"patil\" fails to match the required pattern: /^[A-Z]{1}[A-Za-z]{2,}/","level":"error","timestamp":"2021-07-16T12:07:06.156Z"}
{"message":"\"email\" with value \"patilgmail.com\" fails to match the required pattern: /^[a-zA-Z0-9.!#$%&'*+/=?^_`{|}~-]+@[a-zA-Z0-9-]+(?:.[a-zA-Z0-9-]+)*$/","level":"error","timestamp":"2021-07-16T12:07:06.162Z"}
{"message":"\"firstName\" with value \"vivek\" fails to match the required pattern: /^[A-Z]{1}[A-Za-z]{2,}/","level":"error","timestamp":"2021-07-16T12:07:35.991Z"}
{"message":"\"lastName\" with value \"patil\" fails to match the required pattern: /^[A-Z]{1}[A-Za-z]{2,}/","level":"error","timestamp":"2021-07-16T12:07:35.997Z"}
{"message":"\"email\" with value \"patilgmail.com\" fails to match the required pattern: /^[a-zA-Z0-9.!#$%&'*+/=?^_`{|}~-]+@[a-zA-Z0-9-]+(?:.[a-zA-Z0-9-]+)*$/","level":"error","timestamp":"2021-07-16T12:07:36.003Z"}
{"message":"\"firstName\" with value \"vivek\" fails to match the required pattern: /^[A-Z]{1}[A-Za-z]{2,}/","level":"error","timestamp":"2021-07-16T12:10:27.539Z"}
{"message":"\"lastName\" with value \"patil\" fails to match the required pattern: /^[A-Z]{1}[A-Za-z]{2,}/","level":"error","timestamp":"2021-07-16T12:10:27.551Z"}
{"message":"\"email\" with value \"patilgmail.com\" fails to match the required pattern: /^[a-zA-Z0-9.!#$%&'*+/=?^_`{|}~-]+@[a-zA-Z0-9-]+(?:.[a-zA-Z0-9-]+)*$/","level":"error","timestamp":"2021-07-16T12:10:27.563Z"}
{"message":"\"firstName\" with value \"vivek\" fails to match the required pattern: /^[A-Z]{1}[A-Za-z]{2,}/","level":"error","timestamp":"2021-07-16T12:16:36.537Z"}
{"message":"\"lastName\" with value \"patil\" fails to match the required pattern: /^[A-Z]{1}[A-Za-z]{2,}/","level":"error","timestamp":"2021-07-16T12:16:36.544Z"}
{"message":"\"email\" with value \"patilgmail.com\" fails to match the required pattern: /^[a-zA-Z0-9.!#$%&'*+/=?^_`{|}~-]+@[a-zA-Z0-9-]+(?:.[a-zA-Z0-9-]+)*$/","level":"error","timestamp":"2021-07-16T12:16:36.551Z"}
{"message":"\"firstName\" with value \"vivek\" fails to match the required pattern: /^[A-Z]{1}[A-Za-z]{2,}/","level":"error","timestamp":"2021-07-16T12:21:37.972Z"}
{"message":"\"lastName\" with value \"patil\" fails to match the required pattern: /^[A-Z]{1}[A-Za-z]{2,}/","level":"error","timestamp":"2021-07-16T12:21:37.986Z"}
{"message":"\"email\" with value \"patilgmail.com\" fails to match the required pattern: /^[a-zA-Z0-9.!#$%&'*+/=?^_`{|}~-]+@[a-zA-Z0-9-]+(?:.[a-zA-Z0-9-]+)*$/","level":"error","timestamp":"2021-07-16T12:21:37.997Z"}
{"message":"\"firstName\" with value \"vivek\" fails to match the required pattern: /^[A-Z]{1}[A-Za-z]{2,}/","level":"error","timestamp":"2021-07-16T12:22:24.896Z"}
{"message":"\"lastName\" with value \"patil\" fails to match the required pattern: /^[A-Z]{1}[A-Za-z]{2,}/","level":"error","timestamp":"2021-07-16T12:22:24.911Z"}
{"message":"\"email\" with value \"patilgmail.com\" fails to match the required pattern: /^[a-zA-Z0-9.!#$%&'*+/=?^_`{|}~-]+@[a-zA-Z0-9-]+(?:.[a-zA-Z0-9-]+)*$/","level":"error","timestamp":"2021-07-16T12:22:24.916Z"}
{"message":"\"firstName\" with value \"vivek\" fails to match the required pattern: /^[A-Z]{1}[A-Za-z]{2,}/","level":"error","timestamp":"2021-07-16T12:26:17.302Z"}
{"message":"\"lastName\" with value \"patil\" fails to match the required pattern: /^[A-Z]{1}[A-Za-z]{2,}/","level":"error","timestamp":"2021-07-16T12:26:17.316Z"}
{"message":"\"email\" with value \"patilgmail.com\" fails to match the required pattern: /^[a-zA-Z0-9.!#$%&'*+/=?^_`{|}~-]+@[a-zA-Z0-9-]+(?:.[a-zA-Z0-9-]+)*$/","level":"error","timestamp":"2021-07-16T12:26:17.322Z"}
{"message":"\"firstName\" with value \"vivek\" fails to match the required pattern: /^[A-Z]{1}[A-Za-z]{2,}/","level":"error","timestamp":"2021-07-16T12:27:33.377Z"}
{"message":"\"lastName\" with value \"patil\" fails to match the required pattern: /^[A-Z]{1}[A-Za-z]{2,}/","level":"error","timestamp":"2021-07-16T12:27:33.392Z"}
{"message":"\"email\" with value \"patilgmail.com\" fails to match the required pattern: /^[a-zA-Z0-9.!#$%&'*+/=?^_`{|}~-]+@[a-zA-Z0-9-]+(?:.[a-zA-Z0-9-]+)*$/","level":"error","timestamp":"2021-07-16T12:27:33.397Z"}
{"message":"\"firstName\" with value \"vivek\" fails to match the required pattern: /^[A-Z]{1}[A-Za-z]{2,}/","level":"error","timestamp":"2021-07-16T12:30:22.975Z"}
{"message":"\"lastName\" with value \"patil\" fails to match the required pattern: /^[A-Z]{1}[A-Za-z]{2,}/","level":"error","timestamp":"2021-07-16T12:30:22.993Z"}
{"message":"\"email\" with value \"patilgmail.com\" fails to match the required pattern: /^[a-zA-Z0-9.!#$%&'*+/=?^_`{|}~-]+@[a-zA-Z0-9-]+(?:.[a-zA-Z0-9-]+)*$/","level":"error","timestamp":"2021-07-16T12:30:23.000Z"}
{"message":"\"firstName\" with value \"vivek\" fails to match the required pattern: /^[A-Z]{1}[A-Za-z]{2,}/","level":"error","timestamp":"2021-07-16T12:31:07.868Z"}
{"message":"\"lastName\" with value \"patil\" fails to match the required pattern: /^[A-Z]{1}[A-Za-z]{2,}/","level":"error","timestamp":"2021-07-16T12:31:07.888Z"}
{"message":"\"email\" with value \"patilgmail.com\" fails to match the required pattern: /^[a-zA-Z0-9.!#$%&'*+/=?^_`{|}~-]+@[a-zA-Z0-9-]+(?:.[a-zA-Z0-9-]+)*$/","level":"error","timestamp":"2021-07-16T12:31:07.893Z"}
{"message":"\"firstName\" with value \"vivek\" fails to match the required pattern: /^[A-Z]{1}[A-Za-z]{2,}/","level":"error","timestamp":"2021-07-16T12:42:43.003Z"}
{"message":"\"lastName\" with value \"patil\" fails to match the required pattern: /^[A-Z]{1}[A-Za-z]{2,}/","level":"error","timestamp":"2021-07-16T12:42:45.016Z"}
{"message":"\"email\" with value \"patilgmail.com\" fails to match the required pattern: /^[a-zA-Z0-9.!#$%&'*+/=?^_`{|}~-]+@[a-zA-Z0-9-]+(?:.[a-zA-Z0-9-]+)*$/","level":"error","timestamp":"2021-07-16T12:42:47.018Z"}
{"message":"\"firstName\" with value \"vivek\" fails to match the required pattern: /^[A-Z]{1}[A-Za-z]{2,}/","level":"error","timestamp":"2021-07-16T12:49:16.304Z"}
{"message":"\"lastName\" with value \"patil\" fails to match the required pattern: /^[A-Z]{1}[A-Za-z]{2,}/","level":"error","timestamp":"2021-07-16T12:49:16.318Z"}
{"message":"\"email\" with value \"patilgmail.com\" fails to match the required pattern: /^[a-zA-Z0-9.!#$%&'*+/=?^_`{|}~-]+@[a-zA-Z0-9-]+(?:.[a-zA-Z0-9-]+)*$/","level":"error","timestamp":"2021-07-16T12:49:16.329Z"}
{"message":"\"firstName\" with value \"vivek\" fails to match the required pattern: /^[A-Z]{1}[A-Za-z]{2,}/","level":"error","timestamp":"2021-07-16T12:49:47.702Z"}
{"message":"\"lastName\" with value \"patil\" fails to match the required pattern: /^[A-Z]{1}[A-Za-z]{2,}/","level":"error","timestamp":"2021-07-16T12:49:47.713Z"}
{"message":"\"email\" with value \"patilgmail.com\" fails to match the required pattern: /^[a-zA-Z0-9.!#$%&'*+/=?^_`{|}~-]+@[a-zA-Z0-9-]+(?:.[a-zA-Z0-9-]+)*$/","level":"error","timestamp":"2021-07-16T12:49:47.721Z"}
{"message":"\"firstName\" with value \"vivek\" fails to match the required pattern: /^[A-Z]{1}[A-Za-z]{2,}/","level":"error","timestamp":"2021-07-16T12:50:17.946Z"}
{"message":"\"lastName\" with value \"patil\" fails to match the required pattern: /^[A-Z]{1}[A-Za-z]{2,}/","level":"error","timestamp":"2021-07-16T12:50:17.958Z"}
{"message":"\"email\" with value \"patilgmail.com\" fails to match the required pattern: /^[a-zA-Z0-9.!#$%&'*+/=?^_`{|}~-]+@[a-zA-Z0-9-]+(?:.[a-zA-Z0-9-]+)*$/","level":"error","timestamp":"2021-07-16T12:50:17.964Z"}
{"message":"\"firstName\" with value \"vivek\" fails to match the required pattern: /^[A-Z]{1}[A-Za-z]{2,}/","level":"error","timestamp":"2021-07-16T12:50:53.725Z"}
{"message":"\"lastName\" with value \"patil\" fails to match the required pattern: /^[A-Z]{1}[A-Za-z]{2,}/","level":"error","timestamp":"2021-07-16T12:50:53.738Z"}
{"message":"\"email\" with value \"patilgmail.com\" fails to match the required pattern: /^[a-zA-Z0-9.!#$%&'*+/=?^_`{|}~-]+@[a-zA-Z0-9-]+(?:.[a-zA-Z0-9-]+)*$/","level":"error","timestamp":"2021-07-16T12:50:53.743Z"}
{"message":"\"firstName\" with value \"vivek\" fails to match the required pattern: /^[A-Z]{1}[A-Za-z]{2,}/","level":"error","timestamp":"2021-07-16T12:51:36.093Z"}
{"message":"\"lastName\" with value \"patil\" fails to match the required pattern: /^[A-Z]{1}[A-Za-z]{2,}/","level":"error","timestamp":"2021-07-16T12:51:36.099Z"}
{"message":"\"email\" with value \"patilgmail.com\" fails to match the required pattern: /^[a-zA-Z0-9.!#$%&'*+/=?^_`{|}~-]+@[a-zA-Z0-9-]+(?:.[a-zA-Z0-9-]+)*$/","level":"error","timestamp":"2021-07-16T12:51:36.105Z"}
{"message":"\"firstName\" with value \"vivek\" fails to match the required pattern: /^[A-Z]{1}[A-Za-z]{2,}/","level":"error","timestamp":"2021-07-16T12:52:53.688Z"}
{"message":"\"lastName\" with value \"patil\" fails to match the required pattern: /^[A-Z]{1}[A-Za-z]{2,}/","level":"error","timestamp":"2021-07-16T12:52:53.694Z"}
{"message":"\"email\" with value \"patilgmail.com\" fails to match the required pattern: /^[a-zA-Z0-9.!#$%&'*+/=?^_`{|}~-]+@[a-zA-Z0-9-]+(?:.[a-zA-Z0-9-]+)*$/","level":"error","timestamp":"2021-07-16T12:52:53.700Z"}
{"message":"\"firstName\" with value \"vivek\" fails to match the required pattern: /^[A-Z]{1}[A-Za-z]{2,}/","level":"error","timestamp":"2021-07-16T12:53:39.368Z"}
{"message":"\"lastName\" with value \"patil\" fails to match the required pattern: /^[A-Z]{1}[A-Za-z]{2,}/","level":"error","timestamp":"2021-07-16T12:53:39.380Z"}
{"message":"\"email\" with value \"patilgmail.com\" fails to match the required pattern: /^[a-zA-Z0-9.!#$%&'*+/=?^_`{|}~-]+@[a-zA-Z0-9-]+(?:.[a-zA-Z0-9-]+)*$/","level":"error","timestamp":"2021-07-16T12:53:39.385Z"}
{"message":"\"firstName\" with value \"vivek\" fails to match the required pattern: /^[A-Z]{1}[A-Za-z]{2,}/","level":"error","timestamp":"2021-07-16T12:54:14.388Z"}
{"message":"\"lastName\" with value \"patil\" fails to match the required pattern: /^[A-Z]{1}[A-Za-z]{2,}/","level":"error","timestamp":"2021-07-16T12:54:14.402Z"}
{"message":"\"email\" with value \"patilgmail.com\" fails to match the required pattern: /^[a-zA-Z0-9.!#$%&'*+/=?^_`{|}~-]+@[a-zA-Z0-9-]+(?:.[a-zA-Z0-9-]+)*$/","level":"error","timestamp":"2021-07-16T12:54:14.416Z"}
{"message":"\"firstName\" with value \"vivek\" fails to match the required pattern: /^[A-Z]{1}[A-Za-z]{2,}/","level":"error","timestamp":"2021-07-16T12:57:07.263Z"}
{"message":"\"lastName\" with value \"patil\" fails to match the required pattern: /^[A-Z]{1}[A-Za-z]{2,}/","level":"error","timestamp":"2021-07-16T12:57:07.276Z"}
{"message":"\"email\" with value \"patilgmail.com\" fails to match the required pattern: /^[a-zA-Z0-9.!#$%&'*+/=?^_`{|}~-]+@[a-zA-Z0-9-]+(?:.[a-zA-Z0-9-]+)*$/","level":"error","timestamp":"2021-07-16T12:57:07.282Z"}
{"message":"\"firstName\" with value \"vivek\" fails to match the required pattern: /^[A-Z]{1}[A-Za-z]{2,}/","level":"error","timestamp":"2021-07-16T12:57:29.837Z"}
{"message":"\"lastName\" with value \"patil\" fails to match the required pattern: /^[A-Z]{1}[A-Za-z]{2,}/","level":"error","timestamp":"2021-07-16T12:57:29.843Z"}
{"message":"\"email\" with value \"patilgmail.com\" fails to match the required pattern: /^[a-zA-Z0-9.!#$%&'*+/=?^_`{|}~-]+@[a-zA-Z0-9-]+(?:.[a-zA-Z0-9-]+)*$/","level":"error","timestamp":"2021-07-16T12:57:29.849Z"}
{"message":"\"firstName\" with value \"vivek\" fails to match the required pattern: /^[A-Z]{1}[A-Za-z]{2,}/","level":"error","timestamp":"2021-07-16T12:58:03.194Z"}
{"message":"\"lastName\" with value \"patil\" fails to match the required pattern: /^[A-Z]{1}[A-Za-z]{2,}/","level":"error","timestamp":"2021-07-16T12:58:03.201Z"}
{"message":"\"email\" with value \"patilgmail.com\" fails to match the required pattern: /^[a-zA-Z0-9.!#$%&'*+/=?^_`{|}~-]+@[a-zA-Z0-9-]+(?:.[a-zA-Z0-9-]+)*$/","level":"error","timestamp":"2021-07-16T12:58:03.206Z"}
{"message":"\"firstName\" with value \"vivek\" fails to match the required pattern: /^[A-Z]{1}[A-Za-z]{2,}/","level":"error","timestamp":"2021-07-16T13:02:38.131Z"}
{"message":"\"lastName\" with value \"patil\" fails to match the required pattern: /^[A-Z]{1}[A-Za-z]{2,}/","level":"error","timestamp":"2021-07-16T13:02:38.138Z"}
{"message":"\"email\" with value \"patilgmail.com\" fails to match the required pattern: /^[a-zA-Z0-9.!#$%&'*+/=?^_`{|}~-]+@[a-zA-Z0-9-]+(?:.[a-zA-Z0-9-]+)*$/","level":"error","timestamp":"2021-07-16T13:02:38.154Z"}
{"message":"\"firstName\" with value \"vivek\" fails to match the required pattern: /^[A-Z]{1}[A-Za-z]{2,}/","level":"error","timestamp":"2021-07-16T13:04:43.988Z"}
{"message":"\"lastName\" with value \"patil\" fails to match the required pattern: /^[A-Z]{1}[A-Za-z]{2,}/","level":"error","timestamp":"2021-07-16T13:04:43.995Z"}
{"message":"\"email\" with value \"patilgmail.com\" fails to match the required pattern: /^[a-zA-Z0-9.!#$%&'*+/=?^_`{|}~-]+@[a-zA-Z0-9-]+(?:.[a-zA-Z0-9-]+)*$/","level":"error","timestamp":"2021-07-16T13:04:44.001Z"}
{"message":"\"firstName\" with value \"vivek\" fails to match the required pattern: /^[A-Z]{1}[A-Za-z]{2,}/","level":"error","timestamp":"2021-07-17T01:55:55.176Z"}
{"message":"\"lastName\" with value \"patil\" fails to match the required pattern: /^[A-Z]{1}[A-Za-z]{2,}/","level":"error","timestamp":"2021-07-17T01:55:55.185Z"}
{"message":"\"email\" with value \"patilgmail.com\" fails to match the required pattern: /^[a-zA-Z0-9.!#$%&'*+/=?^_`{|}~-]+@[a-zA-Z0-9-]+(?:.[a-zA-Z0-9-]+)*$/","level":"error","timestamp":"2021-07-17T01:55:55.191Z"}
{"message":"\"firstName\" with value \"vivek\" fails to match the required pattern: /^[A-Z]{1}[A-Za-z]{2,}/","level":"error","timestamp":"2021-07-17T03:46:25.289Z"}
{"message":"\"lastName\" with value \"patil\" fails to match the required pattern: /^[A-Z]{1}[A-Za-z]{2,}/","level":"error","timestamp":"2021-07-17T03:46:25.299Z"}
{"message":"\"email\" with value \"patilgmail.com\" fails to match the required pattern: /^[a-zA-Z0-9.!#$%&'*+/=?^_`{|}~-]+@[a-zA-Z0-9-]+(?:.[a-zA-Z0-9-]+)*$/","level":"error","timestamp":"2021-07-17T03:46:25.309Z"}
{"message":"\"firstName\" with value \"vivek\" fails to match the required pattern: /^[A-Z]{1}[A-Za-z]{2,}/","level":"error","timestamp":"2021-07-17T07:11:56.273Z"}
{"message":"\"lastName\" with value \"patil\" fails to match the required pattern: /^[A-Z]{1}[A-Za-z]{2,}/","level":"error","timestamp":"2021-07-17T07:11:56.282Z"}
{"message":"\"email\" with value \"patilgmail.com\" fails to match the required pattern: /^[a-zA-Z0-9.!#$%&'*+/=?^_`{|}~-]+@[a-zA-Z0-9-]+(?:.[a-zA-Z0-9-]+)*$/","level":"error","timestamp":"2021-07-17T07:11:56.290Z"}
