{"message":"listenning on port: 3000","level":"info","timestamp":"2021-07-05T07:41:30.271Z"}
{"message":"\"firstName\" with value \"avinash\" fails to match the required pattern: /^[A-Z]{1}[A-Za-z]{2,}/","level":"error","timestamp":"2021-07-05T07:43:13.394Z"}
{"message":"\"email\" with value \"avinashgmail.com\" fails to match the required pattern: /^[a-zA-Z0-9.!#$%&'*+/=?^_`{|}~-]+@[a-zA-Z0-9-]+(?:.[a-zA-Z0-9-]+)*$/","level":"error","timestamp":"2021-07-05T07:43:39.449Z"}
{"message":"listenning on port: 3000","level":"info","timestamp":"2021-07-05T07:44:00.056Z"}
{"message":"\"email\" with value \"avinashgmail.com\" fails to match the required pattern: /^[a-zA-Z0-9.!#$%&'*+/=?^_`{|}~-]+@[a-zA-Z0-9-]+(?:.[a-zA-Z0-9-]+)*$/","level":"error","timestamp":"2021-07-05T07:44:10.915Z"}
{"message":"listenning on port: 3000","level":"info","timestamp":"2021-07-05T09:47:29.889Z"}
{"message":"listenning on port: 3000","level":"info","timestamp":"2021-07-05T09:48:08.301Z"}
{"message":"listenning on port: 3000","level":"info","timestamp":"2021-07-05T09:49:06.013Z"}
{"message":"\"firstName\" with value \"vivek\" fails to match the required pattern: /^[A-Z]{1}[A-Za-z]{2,}/","level":"error","timestamp":"2021-07-05T09:49:06.188Z"}
{"message":"\"lastName\" with value \"patil\" fails to match the required pattern: /^[A-Z]{1}[A-Za-z]{2,}/","level":"error","timestamp":"2021-07-05T09:49:06.195Z"}
{"message":"\"email\" with value \"patilgmail.com\" fails to match the required pattern: /^[a-zA-Z0-9.!#$%&'*+/=?^_`{|}~-]+@[a-zA-Z0-9-]+(?:.[a-zA-Z0-9-]+)*$/","level":"error","timestamp":"2021-07-05T09:49:06.201Z"}
{"message":"listenning on port: 3000","level":"info","timestamp":"2021-07-05T09:50:37.118Z"}
{"message":"\"firstName\" with value \"vivek\" fails to match the required pattern: /^[A-Z]{1}[A-Za-z]{2,}/","level":"error","timestamp":"2021-07-05T09:50:37.218Z"}
{"message":"\"lastName\" with value \"patil\" fails to match the required pattern: /^[A-Z]{1}[A-Za-z]{2,}/","level":"error","timestamp":"2021-07-05T09:50:37.224Z"}
{"message":"\"email\" with value \"patilgmail.com\" fails to match the required pattern: /^[a-zA-Z0-9.!#$%&'*+/=?^_`{|}~-]+@[a-zA-Z0-9-]+(?:.[a-zA-Z0-9-]+)*$/","level":"error","timestamp":"2021-07-05T09:50:37.230Z"}
{"message":"listenning on port: 3000","level":"info","timestamp":"2021-07-05T09:52:54.646Z"}
{"message":"\"firstName\" with value \"vivek\" fails to match the required pattern: /^[A-Z]{1}[A-Za-z]{2,}/","level":"error","timestamp":"2021-07-05T09:52:54.750Z"}
{"message":"\"lastName\" with value \"patil\" fails to match the required pattern: /^[A-Z]{1}[A-Za-z]{2,}/","level":"error","timestamp":"2021-07-05T09:52:54.757Z"}
{"message":"\"email\" with value \"patilgmail.com\" fails to match the required pattern: /^[a-zA-Z0-9.!#$%&'*+/=?^_`{|}~-]+@[a-zA-Z0-9-]+(?:.[a-zA-Z0-9-]+)*$/","level":"error","timestamp":"2021-07-05T09:52:54.764Z"}
{"message":"listenning on port: 3000","level":"info","timestamp":"2021-07-05T09:57:50.805Z"}
{"message":"\"firstName\" with value \"vivek\" fails to match the required pattern: /^[A-Z]{1}[A-Za-z]{2,}/","level":"error","timestamp":"2021-07-05T09:57:50.904Z"}
{"message":"\"lastName\" with value \"patil\" fails to match the required pattern: /^[A-Z]{1}[A-Za-z]{2,}/","level":"error","timestamp":"2021-07-05T09:57:50.914Z"}
{"message":"\"email\" with value \"patilgmail.com\" fails to match the required pattern: /^[a-zA-Z0-9.!#$%&'*+/=?^_`{|}~-]+@[a-zA-Z0-9-]+(?:.[a-zA-Z0-9-]+)*$/","level":"error","timestamp":"2021-07-05T09:57:50.921Z"}
{"message":"listenning on port: 3000","level":"info","timestamp":"2021-07-05T10:03:56.233Z"}
{"message":"listenning on port: 3000","level":"info","timestamp":"2021-07-05T10:16:11.566Z"}
{"message":"listenning on port: 3000","level":"info","timestamp":"2021-07-05T10:29:08.254Z"}
{"message":"\"firstName\" with value \"vivek\" fails to match the required pattern: /^[A-Z]{1}[A-Za-z]{2,}/","level":"error","timestamp":"2021-07-05T10:29:08.381Z"}
{"message":"\"lastName\" with value \"patil\" fails to match the required pattern: /^[A-Z]{1}[A-Za-z]{2,}/","level":"error","timestamp":"2021-07-05T10:29:08.388Z"}
{"message":"\"email\" with value \"patilgmail.com\" fails to match the required pattern: /^[a-zA-Z0-9.!#$%&'*+/=?^_`{|}~-]+@[a-zA-Z0-9-]+(?:.[a-zA-Z0-9-]+)*$/","level":"error","timestamp":"2021-07-05T10:29:08.395Z"}
{"message":"listenning on port: 3000","level":"info","timestamp":"2021-07-05T10:34:39.417Z"}
{"message":"\"firstName\" with value \"vivek\" fails to match the required pattern: /^[A-Z]{1}[A-Za-z]{2,}/","level":"error","timestamp":"2021-07-05T10:34:39.487Z"}
{"message":"\"lastName\" with value \"patil\" fails to match the required pattern: /^[A-Z]{1}[A-Za-z]{2,}/","level":"error","timestamp":"2021-07-05T10:34:39.514Z"}
{"message":"listenning on port: 3000","level":"info","timestamp":"2021-07-05T10:39:09.191Z"}
{"message":"\"firstName\" with value \"vivek\" fails to match the required pattern: /^[A-Z]{1}[A-Za-z]{2,}/","level":"error","timestamp":"2021-07-05T10:39:09.315Z"}
{"message":"\"lastName\" with value \"patil\" fails to match the required pattern: /^[A-Z]{1}[A-Za-z]{2,}/","level":"error","timestamp":"2021-07-05T10:39:09.340Z"}
{"message":"listenning on port: 3000","level":"info","timestamp":"2021-07-05T10:43:53.213Z"}
{"message":"\"lastName\" with value \"patil\" fails to match the required pattern: /^[A-Z]{1}[A-Za-z]{2,}/","level":"error","timestamp":"2021-07-05T10:43:53.370Z"}
{"message":"\"email\" with value \"patilgmail.com\" fails to match the required pattern: /^[a-zA-Z0-9.!#$%&'*+/=?^_`{|}~-]+@[a-zA-Z0-9-]+(?:.[a-zA-Z0-9-]+)*$/","level":"error","timestamp":"2021-07-05T10:43:53.378Z"}
{"message":"listenning on port: 3000","level":"info","timestamp":"2021-07-05T10:59:57.657Z"}
{"message":"\"lastName\" with value \"patil\" fails to match the required pattern: /^[A-Z]{1}[A-Za-z]{2,}/","level":"error","timestamp":"2021-07-05T10:59:57.760Z"}
{"message":"\"email\" with value \"patilgmail.com\" fails to match the required pattern: /^[a-zA-Z0-9.!#$%&'*+/=?^_`{|}~-]+@[a-zA-Z0-9-]+(?:.[a-zA-Z0-9-]+)*$/","level":"error","timestamp":"2021-07-05T10:59:57.766Z"}
{"message":"listenning on port: 3000","level":"info","timestamp":"2021-07-05T11:01:25.065Z"}
{"message":"\"lastName\" with value \"patil\" fails to match the required pattern: /^[A-Z]{1}[A-Za-z]{2,}/","level":"error","timestamp":"2021-07-05T11:01:25.168Z"}
{"message":"\"email\" with value \"patilgmail.com\" fails to match the required pattern: /^[a-zA-Z0-9.!#$%&'*+/=?^_`{|}~-]+@[a-zA-Z0-9-]+(?:.[a-zA-Z0-9-]+)*$/","level":"error","timestamp":"2021-07-05T11:01:25.173Z"}
{"message":"listenning on port: 3000","level":"info","timestamp":"2021-07-05T11:02:07.920Z"}
{"message":"\"firstName\" with value \"vivek\" fails to match the required pattern: /^[A-Z]{1}[A-Za-z]{2,}/","level":"error","timestamp":"2021-07-05T11:02:08.011Z"}
{"message":"\"lastName\" with value \"patil\" fails to match the required pattern: /^[A-Z]{1}[A-Za-z]{2,}/","level":"error","timestamp":"2021-07-05T11:02:08.019Z"}
{"message":"\"email\" with value \"patilgmail.com\" fails to match the required pattern: /^[a-zA-Z0-9.!#$%&'*+/=?^_`{|}~-]+@[a-zA-Z0-9-]+(?:.[a-zA-Z0-9-]+)*$/","level":"error","timestamp":"2021-07-05T11:02:08.024Z"}
{"message":"listenning on port: 3000","level":"info","timestamp":"2021-07-05T11:02:43.104Z"}
{"message":"\"firstName\" with value \"vivek\" fails to match the required pattern: /^[A-Z]{1}[A-Za-z]{2,}/","level":"error","timestamp":"2021-07-05T11:02:43.193Z"}
{"message":"\"lastName\" with value \"patil\" fails to match the required pattern: /^[A-Z]{1}[A-Za-z]{2,}/","level":"error","timestamp":"2021-07-05T11:02:43.199Z"}
{"message":"\"email\" with value \"patilgmail.com\" fails to match the required pattern: /^[a-zA-Z0-9.!#$%&'*+/=?^_`{|}~-]+@[a-zA-Z0-9-]+(?:.[a-zA-Z0-9-]+)*$/","level":"error","timestamp":"2021-07-05T11:02:43.205Z"}
{"message":"listenning on port: 3000","level":"info","timestamp":"2021-07-05T11:03:25.654Z"}
{"message":"\"firstName\" with value \"vivek\" fails to match the required pattern: /^[A-Z]{1}[A-Za-z]{2,}/","level":"error","timestamp":"2021-07-05T11:03:25.741Z"}
{"message":"\"lastName\" with value \"patil\" fails to match the required pattern: /^[A-Z]{1}[A-Za-z]{2,}/","level":"error","timestamp":"2021-07-05T11:03:25.747Z"}
{"message":"\"email\" with value \"patilgmail.com\" fails to match the required pattern: /^[a-zA-Z0-9.!#$%&'*+/=?^_`{|}~-]+@[a-zA-Z0-9-]+(?:.[a-zA-Z0-9-]+)*$/","level":"error","timestamp":"2021-07-05T11:03:25.752Z"}
{"message":"listenning on port: 3000","level":"info","timestamp":"2021-07-05T11:03:57.683Z"}
{"message":"\"firstName\" with value \"vivek\" fails to match the required pattern: /^[A-Z]{1}[A-Za-z]{2,}/","level":"error","timestamp":"2021-07-05T11:03:57.754Z"}
{"message":"\"lastName\" with value \"patil\" fails to match the required pattern: /^[A-Z]{1}[A-Za-z]{2,}/","level":"error","timestamp":"2021-07-05T11:03:57.782Z"}
{"message":"listenning on port: 3000","level":"info","timestamp":"2021-07-06T05:43:29.414Z"}
{"message":"\"firstName\" with value \"vivek\" fails to match the required pattern: /^[A-Z]{1}[A-Za-z]{2,}/","level":"error","timestamp":"2021-07-06T05:43:29.836Z"}
{"message":"\"lastName\" with value \"patil\" fails to match the required pattern: /^[A-Z]{1}[A-Za-z]{2,}/","level":"error","timestamp":"2021-07-06T05:43:29.856Z"}
{"message":"\"email\" with value \"patilgmail.com\" fails to match the required pattern: /^[a-zA-Z0-9.!#$%&'*+/=?^_`{|}~-]+@[a-zA-Z0-9-]+(?:.[a-zA-Z0-9-]+)*$/","level":"error","timestamp":"2021-07-06T05:43:29.863Z"}
{"message":"listenning on port: 3000","level":"info","timestamp":"2021-07-06T05:45:35.581Z"}
{"message":"\"firstName\" with value \"vivek\" fails to match the required pattern: /^[A-Z]{1}[A-Za-z]{2,}/","level":"error","timestamp":"2021-07-06T05:45:35.683Z"}
{"message":"\"lastName\" with value \"patil\" fails to match the required pattern: /^[A-Z]{1}[A-Za-z]{2,}/","level":"error","timestamp":"2021-07-06T05:45:35.691Z"}
{"message":"\"email\" with value \"patilgmail.com\" fails to match the required pattern: /^[a-zA-Z0-9.!#$%&'*+/=?^_`{|}~-]+@[a-zA-Z0-9-]+(?:.[a-zA-Z0-9-]+)*$/","level":"error","timestamp":"2021-07-06T05:45:35.698Z"}
{"message":"listenning on port: 3000","level":"info","timestamp":"2021-07-06T05:46:18.734Z"}
{"message":"\"firstName\" with value \"vivek\" fails to match the required pattern: /^[A-Z]{1}[A-Za-z]{2,}/","level":"error","timestamp":"2021-07-06T05:46:18.836Z"}
{"message":"\"lastName\" with value \"patil\" fails to match the required pattern: /^[A-Z]{1}[A-Za-z]{2,}/","level":"error","timestamp":"2021-07-06T05:46:18.871Z"}
{"message":"listenning on port: 3000","level":"info","timestamp":"2021-07-06T06:09:42.082Z"}
{"message":"listenning on port: 3000","level":"info","timestamp":"2021-07-06T06:11:40.339Z"}
{"message":"\"firstName\" with value \"vivek\" fails to match the required pattern: /^[A-Z]{1}[A-Za-z]{2,}/","level":"error","timestamp":"2021-07-06T06:11:40.421Z"}
{"message":"listenning on port: 3000","level":"info","timestamp":"2021-07-06T06:15:20.802Z"}
{"message":"listenning on port: 3000","level":"info","timestamp":"2021-07-06T06:16:28.514Z"}
{"message":"listenning on port: 3000","level":"info","timestamp":"2021-07-06T06:19:31.333Z"}
{"message":"listenning on port: 3000","level":"info","timestamp":"2021-07-06T06:20:08.028Z"}
{"message":"listenning on port: 3000","level":"info","timestamp":"2021-07-06T06:20:50.628Z"}
{"message":"\"firstName\" with value \"vivek\" fails to match the required pattern: /^[A-Z]{1}[A-Za-z]{2,}/","level":"error","timestamp":"2021-07-06T06:20:50.705Z"}
{"message":"listenning on port: 3000","level":"info","timestamp":"2021-07-06T06:48:06.751Z"}
{"message":"\"firstName\" with value \"vivek\" fails to match the required pattern: /^[A-Z]{1}[A-Za-z]{2,}/","level":"error","timestamp":"2021-07-06T06:48:06.851Z"}
{"message":"listenning on port: 3000","level":"info","timestamp":"2021-07-06T06:48:50.958Z"}
{"message":"\"firstName\" with value \"vivek\" fails to match the required pattern: /^[A-Z]{1}[A-Za-z]{2,}/","level":"error","timestamp":"2021-07-06T06:48:51.038Z"}
{"message":"listenning on port: 3000","level":"info","timestamp":"2021-07-06T06:49:17.045Z"}
{"message":"\"firstName\" with value \"vivek\" fails to match the required pattern: /^[A-Z]{1}[A-Za-z]{2,}/","level":"error","timestamp":"2021-07-06T06:49:17.119Z"}
{"message":"listenning on port: 3000","level":"info","timestamp":"2021-07-06T06:50:04.677Z"}
{"message":"\"firstName\" with value \"vivek\" fails to match the required pattern: /^[A-Z]{1}[A-Za-z]{2,}/","level":"error","timestamp":"2021-07-06T06:50:04.752Z"}
{"message":"\"lastName\" with value \"patil\" fails to match the required pattern: /^[A-Z]{1}[A-Za-z]{2,}/","level":"error","timestamp":"2021-07-06T06:50:04.857Z"}
{"message":"listenning on port: 3000","level":"info","timestamp":"2021-07-06T06:55:25.849Z"}
{"message":"listenning on port: 3000","level":"info","timestamp":"2021-07-06T06:55:53.562Z"}
{"message":"listenning on port: 3000","level":"info","timestamp":"2021-07-06T06:56:23.358Z"}
{"message":"listenning on port: 3000","level":"info","timestamp":"2021-07-06T06:56:42.213Z"}
{"message":"listenning on port: 3000","level":"info","timestamp":"2021-07-06T06:57:18.354Z"}
{"message":"listenning on port: 3000","level":"info","timestamp":"2021-07-06T06:59:11.691Z"}
{"message":"listenning on port: 3000","level":"info","timestamp":"2021-07-06T06:59:30.069Z"}
{"message":"listenning on port: 3000","level":"info","timestamp":"2021-07-06T07:00:14.402Z"}
{"message":"listenning on port: 3000","level":"info","timestamp":"2021-07-06T07:00:34.447Z"}
{"message":"listenning on port: 3000","level":"info","timestamp":"2021-07-06T07:00:53.802Z"}
{"message":"listenning on port: 3000","level":"info","timestamp":"2021-07-06T07:01:36.285Z"}
{"message":"listenning on port: 3000","level":"info","timestamp":"2021-07-06T07:01:52.624Z"}
{"message":"listenning on port: 3000","level":"info","timestamp":"2021-07-06T07:02:20.999Z"}
{"message":"listenning on port: 3000","level":"info","timestamp":"2021-07-06T07:03:11.948Z"}
{"message":"listenning on port: 3000","level":"info","timestamp":"2021-07-06T07:03:41.491Z"}
{"message":"listenning on port: 3000","level":"info","timestamp":"2021-07-06T07:04:16.140Z"}
{"message":"listenning on port: 3000","level":"info","timestamp":"2021-07-06T07:04:43.941Z"}
{"message":"listenning on port: 3000","level":"info","timestamp":"2021-07-06T07:34:19.271Z"}
{"message":"\"firstName\" with value \"vivek\" fails to match the required pattern: /^[A-Z]{1}[A-Za-z]{2,}/","level":"error","timestamp":"2021-07-06T07:34:19.471Z"}
{"message":"\"lastName\" with value \"patil\" fails to match the required pattern: /^[A-Z]{1}[A-Za-z]{2,}/","level":"error","timestamp":"2021-07-06T07:34:19.478Z"}
{"message":"\"email\" with value \"patilgmail.com\" fails to match the required pattern: /^[a-zA-Z0-9.!#$%&'*+/=?^_`{|}~-]+@[a-zA-Z0-9-]+(?:.[a-zA-Z0-9-]+)*$/","level":"error","timestamp":"2021-07-06T07:34:19.484Z"}
{"message":"listenning on port: 3000","level":"info","timestamp":"2021-07-06T07:55:22.273Z"}
{"message":"\"firstName\" with value \"aame1\" fails to match the required pattern: /^[A-Z]{1}[A-Za-z]{2,}/","level":"error","timestamp":"2021-07-06T07:57:01.832Z"}
{"message":"listenning on port: 3000","level":"info","timestamp":"2021-07-06T08:25:15.299Z"}
{"message":"\"firstName\" with value \"vivek\" fails to match the required pattern: /^[A-Z]{1}[A-Za-z]{2,}/","level":"error","timestamp":"2021-07-06T08:25:15.517Z"}
{"message":"\"lastName\" with value \"patil\" fails to match the required pattern: /^[A-Z]{1}[A-Za-z]{2,}/","level":"error","timestamp":"2021-07-06T08:25:15.547Z"}
{"message":"\"email\" with value \"patilgmail.com\" fails to match the required pattern: /^[a-zA-Z0-9.!#$%&'*+/=?^_`{|}~-]+@[a-zA-Z0-9-]+(?:.[a-zA-Z0-9-]+)*$/","level":"error","timestamp":"2021-07-06T08:25:15.553Z"}
{"message":"listenning on port: 3000","level":"info","timestamp":"2021-07-06T08:27:46.975Z"}
{"message":"\"firstName\" with value \"vivek\" fails to match the required pattern: /^[A-Z]{1}[A-Za-z]{2,}/","level":"error","timestamp":"2021-07-06T08:27:47.061Z"}
{"message":"\"lastName\" with value \"patil\" fails to match the required pattern: /^[A-Z]{1}[A-Za-z]{2,}/","level":"error","timestamp":"2021-07-06T08:27:47.067Z"}
{"message":"\"email\" with value \"patilgmail.com\" fails to match the required pattern: /^[a-zA-Z0-9.!#$%&'*+/=?^_`{|}~-]+@[a-zA-Z0-9-]+(?:.[a-zA-Z0-9-]+)*$/","level":"error","timestamp":"2021-07-06T08:27:47.073Z"}
{"message":"listenning on port: 3000","level":"info","timestamp":"2021-07-06T08:28:57.703Z"}
{"message":"\"firstName\" with value \"vivek\" fails to match the required pattern: /^[A-Z]{1}[A-Za-z]{2,}/","level":"error","timestamp":"2021-07-06T08:28:57.794Z"}
{"message":"\"lastName\" with value \"patil\" fails to match the required pattern: /^[A-Z]{1}[A-Za-z]{2,}/","level":"error","timestamp":"2021-07-06T08:28:57.801Z"}
{"message":"\"email\" with value \"patilgmail.com\" fails to match the required pattern: /^[a-zA-Z0-9.!#$%&'*+/=?^_`{|}~-]+@[a-zA-Z0-9-]+(?:.[a-zA-Z0-9-]+)*$/","level":"error","timestamp":"2021-07-06T08:28:57.807Z"}
{"message":"listenning on port: 3000","level":"info","timestamp":"2021-07-06T08:31:00.107Z"}
{"message":"\"firstName\" with value \"vivek\" fails to match the required pattern: /^[A-Z]{1}[A-Za-z]{2,}/","level":"error","timestamp":"2021-07-06T08:31:00.201Z"}
{"message":"\"lastName\" with value \"patil\" fails to match the required pattern: /^[A-Z]{1}[A-Za-z]{2,}/","level":"error","timestamp":"2021-07-06T08:31:00.208Z"}
{"message":"\"email\" with value \"patilgmail.com\" fails to match the required pattern: /^[a-zA-Z0-9.!#$%&'*+/=?^_`{|}~-]+@[a-zA-Z0-9-]+(?:.[a-zA-Z0-9-]+)*$/","level":"error","timestamp":"2021-07-06T08:31:00.215Z"}
{"message":"listenning on port: 3000","level":"info","timestamp":"2021-07-06T08:40:29.082Z"}
{"message":"\"firstName\" with value \"vivek\" fails to match the required pattern: /^[A-Z]{1}[A-Za-z]{2,}/","level":"error","timestamp":"2021-07-06T08:40:29.198Z"}
{"message":"\"lastName\" with value \"patil\" fails to match the required pattern: /^[A-Z]{1}[A-Za-z]{2,}/","level":"error","timestamp":"2021-07-06T08:40:29.206Z"}
{"message":"\"email\" with value \"patilgmail.com\" fails to match the required pattern: /^[a-zA-Z0-9.!#$%&'*+/=?^_`{|}~-]+@[a-zA-Z0-9-]+(?:.[a-zA-Z0-9-]+)*$/","level":"error","timestamp":"2021-07-06T08:40:29.213Z"}
{"message":"listenning on port: 3000","level":"info","timestamp":"2021-07-07T03:45:42.188Z"}
{"message":"listenning on port: 3000","level":"info","timestamp":"2021-07-07T03:50:02.361Z"}
{"message":"listenning on port: 3000","level":"info","timestamp":"2021-07-07T05:02:56.431Z"}
{"message":"listenning on port: 3000","level":"info","timestamp":"2021-07-07T05:08:26.156Z"}
{"message":"listenning on port: 3000","level":"info","timestamp":"2021-07-07T05:16:07.244Z"}
{"message":"listenning on port: 3000","level":"info","timestamp":"2021-07-07T05:16:48.286Z"}
{"message":"listenning on port: 3000","level":"info","timestamp":"2021-07-07T05:17:27.235Z"}
{"message":"listenning on port: 3000","level":"info","timestamp":"2021-07-07T05:20:00.619Z"}
{"message":"listenning on port: 3000","level":"info","timestamp":"2021-07-07T05:20:50.818Z"}
{"message":"listenning on port: 3000","level":"info","timestamp":"2021-07-07T05:23:51.890Z"}
{"message":"listenning on port: 3000","level":"info","timestamp":"2021-07-07T05:24:11.378Z"}
{"message":"listenning on port: 3000","level":"info","timestamp":"2021-07-07T05:25:19.295Z"}
{"message":"listenning on port: 3000","level":"info","timestamp":"2021-07-07T05:26:40.822Z"}
{"message":"listenning on port: 3000","level":"info","timestamp":"2021-07-07T05:27:47.248Z"}
{"message":"listenning on port: 3000","level":"info","timestamp":"2021-07-07T05:28:02.777Z"}
{"message":"listenning on port: 3000","level":"info","timestamp":"2021-07-07T05:59:57.225Z"}
{"message":"listenning on port: 3000","level":"info","timestamp":"2021-07-07T06:00:50.231Z"}
{"message":"listenning on port: 3000","level":"info","timestamp":"2021-07-07T06:01:25.272Z"}
{"message":"listenning on port: 3000","level":"info","timestamp":"2021-07-07T06:03:59.051Z"}
{"message":"listenning on port: 3000","level":"info","timestamp":"2021-07-07T06:05:03.616Z"}
{"message":"listenning on port: 3000","level":"info","timestamp":"2021-07-07T06:07:21.438Z"}
{"message":"listenning on port: 3000","level":"info","timestamp":"2021-07-07T06:07:51.420Z"}
{"message":"listenning on port: 3000","level":"info","timestamp":"2021-07-07T06:10:18.130Z"}
{"message":"listenning on port: 3000","level":"info","timestamp":"2021-07-07T06:12:14.868Z"}
{"message":"listenning on port: 3000","level":"info","timestamp":"2021-07-07T06:12:26.679Z"}
{"message":"listenning on port: 3000","level":"info","timestamp":"2021-07-07T06:13:41.406Z"}
{"message":"listenning on port: 3000","level":"info","timestamp":"2021-07-07T06:17:13.935Z"}
{"message":"listenning on port: 3000","level":"info","timestamp":"2021-07-07T06:17:17.919Z"}
{"message":"listenning on port: 3000","level":"info","timestamp":"2021-07-07T06:18:13.259Z"}
{"message":"\"firstName\" with value \"avinash\" fails to match the required pattern: /^[A-Z]{1}[A-Za-z]{2,}/","level":"error","timestamp":"2021-07-07T06:18:43.943Z"}
{"message":"listenning on port: 3000","level":"info","timestamp":"2021-07-07T06:21:39.533Z"}
{"message":"listenning on port: 3000","level":"info","timestamp":"2021-07-07T06:23:23.563Z"}
{"message":"listenning on port: 3000","level":"info","timestamp":"2021-07-07T06:24:50.034Z"}
{"message":"listenning on port: 3000","level":"info","timestamp":"2021-07-07T06:25:27.220Z"}
{"message":"listenning on port: 3000","level":"info","timestamp":"2021-07-07T06:25:30.069Z"}
{"message":"listenning on port: 3000","level":"info","timestamp":"2021-07-07T06:29:45.138Z"}
{"message":"listenning on port: 3000","level":"info","timestamp":"2021-07-07T06:30:18.029Z"}
{"message":"listenning on port: 3000","level":"info","timestamp":"2021-07-07T06:31:04.643Z"}
{"message":"listenning on port: 3000","level":"info","timestamp":"2021-07-07T06:33:01.409Z"}
{"message":"listenning on port: 3000","level":"info","timestamp":"2021-07-07T06:37:09.803Z"}
{"message":"listenning on port: 3000","level":"info","timestamp":"2021-07-07T06:37:39.100Z"}
{"message":"listenning on port: 3000","level":"info","timestamp":"2021-07-07T06:38:23.646Z"}
{"message":"listenning on port: 3000","level":"info","timestamp":"2021-07-07T06:40:27.766Z"}
{"message":"listenning on port: 3000","level":"info","timestamp":"2021-07-07T06:42:33.916Z"}
{"message":"listenning on port: 3000","level":"info","timestamp":"2021-07-07T06:44:01.183Z"}
{"message":"listenning on port: 3000","level":"info","timestamp":"2021-07-07T06:45:24.352Z"}
{"message":"listenning on port: 3000","level":"info","timestamp":"2021-07-07T06:46:23.318Z"}
{"message":"listenning on port: 3000","level":"info","timestamp":"2021-07-07T06:46:49.841Z"}
{"message":"listenning on port: 3000","level":"info","timestamp":"2021-07-07T06:48:58.854Z"}
{"message":"listenning on port: 3000","level":"info","timestamp":"2021-07-07T06:49:26.930Z"}
{"message":"listenning on port: 3000","level":"info","timestamp":"2021-07-07T06:51:16.016Z"}
{"message":"listenning on port: 3000","level":"info","timestamp":"2021-07-07T06:52:13.644Z"}
{"message":"listenning on port: 3000","level":"info","timestamp":"2021-07-07T06:53:02.025Z"}
{"message":"listenning on port: 3000","level":"info","timestamp":"2021-07-07T15:22:26.852Z"}
{"message":"listenning on port: 3000","level":"info","timestamp":"2021-07-08T02:13:41.985Z"}
{"message":"listenning on port: 3000","level":"info","timestamp":"2021-07-08T03:25:32.803Z"}
{"message":"listenning on port: 3000","level":"info","timestamp":"2021-07-08T03:27:38.252Z"}
{"message":"listenning on port: 3000","level":"info","timestamp":"2021-07-08T03:28:02.725Z"}
{"message":"listenning on port: 3000","level":"info","timestamp":"2021-07-08T03:30:01.650Z"}
{"message":"listenning on port: 3000","level":"info","timestamp":"2021-07-08T03:30:46.306Z"}
{"message":"listenning on port: 3000","level":"info","timestamp":"2021-07-08T03:34:59.701Z"}
{"message":"listenning on port: 3000","level":"info","timestamp":"2021-07-08T03:41:53.041Z"}
{"message":"listenning on port: 3000","level":"info","timestamp":"2021-07-08T03:42:39.723Z"}
{"message":"listenning on port: 3000","level":"info","timestamp":"2021-07-08T03:43:07.300Z"}
{"message":"listenning on port: 3000","level":"info","timestamp":"2021-07-08T03:43:38.946Z"}
{"message":"listenning on port: 3000","level":"info","timestamp":"2021-07-08T03:45:35.795Z"}
{"message":"listenning on port: 3000","level":"info","timestamp":"2021-07-08T03:48:30.577Z"}
{"message":"listenning on port: 3000","level":"info","timestamp":"2021-07-08T03:50:23.673Z"}
{"message":"listenning on port: 3000","level":"info","timestamp":"2021-07-08T03:52:27.501Z"}
{"message":"listenning on port: 3000","level":"info","timestamp":"2021-07-08T03:56:07.689Z"}
{"message":"listenning on port: 3000","level":"info","timestamp":"2021-07-08T04:28:06.360Z"}
{"message":"listenning on port: 3000","level":"info","timestamp":"2021-07-08T04:28:14.031Z"}
{"message":"listenning on port: 3000","level":"info","timestamp":"2021-07-08T04:28:18.194Z"}
{"message":"listenning on port: 3000","level":"info","timestamp":"2021-07-08T04:28:20.783Z"}
{"message":"listenning on port: 3000","level":"info","timestamp":"2021-07-08T04:33:35.908Z"}
{"message":"listenning on port: 3000","level":"info","timestamp":"2021-07-08T04:39:02.231Z"}
{"message":"listenning on port: 3000","level":"info","timestamp":"2021-07-08T04:40:08.533Z"}
{"message":"listenning on port: 3000","level":"info","timestamp":"2021-07-08T04:40:47.120Z"}
{"message":"listenning on port: 3000","level":"info","timestamp":"2021-07-08T04:41:52.204Z"}
{"message":"listenning on port: 3000","level":"info","timestamp":"2021-07-08T04:44:32.333Z"}
{"message":"listenning on port: 3000","level":"info","timestamp":"2021-07-08T04:45:25.527Z"}
{"message":"listenning on port: 3000","level":"info","timestamp":"2021-07-08T04:46:13.508Z"}
{"message":"listenning on port: 3000","level":"info","timestamp":"2021-07-08T04:56:02.941Z"}
{"message":"listenning on port: 3000","level":"info","timestamp":"2021-07-08T04:56:24.071Z"}
{"message":"listenning on port: 3000","level":"info","timestamp":"2021-07-08T04:57:06.561Z"}
{"message":"listenning on port: 3000","level":"info","timestamp":"2021-07-08T04:57:23.844Z"}
{"message":"listenning on port: 3000","level":"info","timestamp":"2021-07-08T04:58:27.384Z"}
{"message":"listenning on port: 3000","level":"info","timestamp":"2021-07-08T05:26:48.004Z"}
{"message":"listenning on port: 3000","level":"info","timestamp":"2021-07-08T05:53:42.565Z"}
{"message":"listenning on port: 3000","level":"info","timestamp":"2021-07-08T05:53:51.716Z"}
{"message":"listenning on port: 3000","level":"info","timestamp":"2021-07-08T06:10:13.919Z"}
{"message":"listenning on port: 3000","level":"info","timestamp":"2021-07-08T06:11:56.651Z"}
{"message":"listenning on port: 3000","level":"info","timestamp":"2021-07-08T06:14:10.787Z"}
{"message":"listenning on port: 3000","level":"info","timestamp":"2021-07-08T06:14:34.094Z"}
{"message":"listenning on port: 3000","level":"info","timestamp":"2021-07-08T06:15:23.532Z"}
{"message":"listenning on port: 3000","level":"info","timestamp":"2021-07-08T06:16:22.174Z"}
{"message":"listenning on port: 3000","level":"info","timestamp":"2021-07-08T06:16:32.944Z"}
{"message":"listenning on port: 3000","level":"info","timestamp":"2021-07-08T06:22:48.654Z"}
{"message":"listenning on port: 3000","level":"info","timestamp":"2021-07-08T16:06:19.498Z"}
{"message":"listenning on port: 3000","level":"info","timestamp":"2021-07-08T16:52:12.730Z"}
{"message":"listenning on port: 3000","level":"info","timestamp":"2021-07-08T16:52:26.583Z"}
{"message":"listenning on port: 3000","level":"info","timestamp":"2021-07-08T16:52:33.037Z"}
{"message":"listenning on port: 3000","level":"info","timestamp":"2021-07-08T16:52:40.227Z"}
{"message":"listenning on port: 3000","level":"info","timestamp":"2021-07-08T16:53:01.459Z"}
{"message":"listenning on port: 3000","level":"info","timestamp":"2021-07-08T16:54:09.723Z"}
{"message":"listenning on port: 3000","level":"info","timestamp":"2021-07-08T16:55:37.041Z"}
{"message":"listenning on port: 3000","level":"info","timestamp":"2021-07-08T16:56:56.189Z"}
{"message":"listenning on port: 3000","level":"info","timestamp":"2021-07-08T16:57:42.371Z"}
{"message":"listenning on port: 3000","level":"info","timestamp":"2021-07-08T16:58:49.640Z"}
{"message":"listenning on port: 3000","level":"info","timestamp":"2021-07-08T17:04:10.876Z"}
{"message":"listenning on port: 3000","level":"info","timestamp":"2021-07-08T17:05:19.615Z"}
{"message":"listenning on port: 3000","level":"info","timestamp":"2021-07-08T17:05:58.867Z"}
{"message":"listenning on port: 3000","level":"info","timestamp":"2021-07-08T17:07:43.709Z"}
{"message":"listenning on port: 3000","level":"info","timestamp":"2021-07-08T17:09:16.910Z"}
{"message":"listenning on port: 3000","level":"info","timestamp":"2021-07-08T17:10:42.581Z"}
{"message":"listenning on port: 3000","level":"info","timestamp":"2021-07-08T17:11:03.285Z"}
{"message":"listenning on port: 3000","level":"info","timestamp":"2021-07-08T17:20:18.854Z"}
{"message":"listenning on port: 3000","level":"info","timestamp":"2021-07-08T17:22:28.307Z"}
{"message":"listenning on port: 3000","level":"info","timestamp":"2021-07-08T17:23:00.108Z"}
{"message":"listenning on port: 3000","level":"info","timestamp":"2021-07-08T17:23:01.448Z"}
{"message":"listenning on port: 3000","level":"info","timestamp":"2021-07-08T17:23:59.505Z"}
{"message":"listenning on port: 3000","level":"info","timestamp":"2021-07-08T17:28:22.780Z"}
{"message":"listenning on port: 3000","level":"info","timestamp":"2021-07-09T01:07:58.375Z"}
{"message":"listenning on port: 3000","level":"info","timestamp":"2021-07-09T01:10:11.525Z"}
{"message":"listenning on port: 3000","level":"info","timestamp":"2021-07-09T01:13:22.341Z"}
{"message":"listenning on port: 3000","level":"info","timestamp":"2021-07-09T02:09:37.615Z"}
{"message":"listenning on port: 3000","level":"info","timestamp":"2021-07-09T02:11:10.071Z"}
{"message":"listenning on port: 3000","level":"info","timestamp":"2021-07-09T02:13:43.122Z"}
{"message":"listenning on port: 3000","level":"info","timestamp":"2021-07-09T02:14:54.658Z"}
{"message":"listenning on port: 3000","level":"info","timestamp":"2021-07-09T02:15:48.503Z"}
{"message":"listenning on port: 3000","level":"info","timestamp":"2021-07-09T02:21:59.358Z"}
{"message":"listenning on port: 3000","level":"info","timestamp":"2021-07-09T02:22:26.736Z"}
{"message":"listenning on port: 3000","level":"info","timestamp":"2021-07-09T02:23:49.464Z"}
{"message":"listenning on port: 3000","level":"info","timestamp":"2021-07-09T02:25:42.515Z"}
{"message":"listenning on port: 3000","level":"info","timestamp":"2021-07-09T02:26:26.560Z"}
{"message":"listenning on port: 3000","level":"info","timestamp":"2021-07-09T02:34:41.429Z"}
{"message":"listenning on port: 3000","level":"info","timestamp":"2021-07-09T02:37:48.443Z"}
{"message":"listenning on port: 3000","level":"info","timestamp":"2021-07-09T02:45:22.817Z"}
{"message":"listenning on port: 3000","level":"info","timestamp":"2021-07-09T02:46:38.311Z"}
{"message":"listenning on port: 3000","level":"info","timestamp":"2021-07-09T02:48:45.270Z"}
{"message":"listenning on port: 3000","level":"info","timestamp":"2021-07-09T02:49:11.014Z"}
{"message":"listenning on port: 3000","level":"info","timestamp":"2021-07-09T02:49:45.419Z"}
{"message":"listenning on port: 3000","level":"info","timestamp":"2021-07-09T02:51:00.677Z"}
{"message":"listenning on port: 3000","level":"info","timestamp":"2021-07-09T02:52:15.402Z"}
{"message":"listenning on port: 3000","level":"info","timestamp":"2021-07-09T02:54:26.982Z"}
{"message":"listenning on port: 3000","level":"info","timestamp":"2021-07-09T02:55:32.108Z"}
{"message":"listenning on port: 3000","level":"info","timestamp":"2021-07-09T02:57:27.801Z"}
{"message":"listenning on port: 3000","level":"info","timestamp":"2021-07-09T03:00:39.791Z"}
{"message":"listenning on port: 3000","level":"info","timestamp":"2021-07-09T03:01:36.697Z"}
{"message":"listenning on port: 3000","level":"info","timestamp":"2021-07-09T03:04:15.059Z"}
{"message":"listenning on port: 3000","level":"info","timestamp":"2021-07-09T03:06:52.333Z"}
{"message":"listenning on port: 3000","level":"info","timestamp":"2021-07-09T03:09:15.768Z"}
{"message":"listenning on port: 3000","level":"info","timestamp":"2021-07-09T03:10:52.840Z"}
{"message":"listenning on port: 3000","level":"info","timestamp":"2021-07-09T03:15:29.215Z"}
{"message":"listenning on port: 3000","level":"info","timestamp":"2021-07-09T03:15:58.799Z"}
{"message":"listenning on port: 3000","level":"info","timestamp":"2021-07-09T03:18:02.157Z"}
{"message":"listenning on port: 3000","level":"info","timestamp":"2021-07-09T03:18:33.293Z"}
{"message":"listenning on port: 3000","level":"info","timestamp":"2021-07-09T03:20:04.181Z"}
{"message":"listenning on port: 3000","level":"info","timestamp":"2021-07-09T03:22:33.182Z"}
{"message":"listenning on port: 3000","level":"info","timestamp":"2021-07-09T03:24:03.861Z"}
{"message":"listenning on port: 3000","level":"info","timestamp":"2021-07-09T03:26:24.692Z"}
{"message":"listenning on port: 3000","level":"info","timestamp":"2021-07-09T03:31:14.124Z"}
{"message":"listenning on port: 3000","level":"info","timestamp":"2021-07-09T03:32:44.473Z"}
{"message":"listenning on port: 3000","level":"info","timestamp":"2021-07-09T03:33:56.299Z"}
{"message":"listenning on port: 3000","level":"info","timestamp":"2021-07-09T03:36:00.581Z"}
{"message":"listenning on port: 3000","level":"info","timestamp":"2021-07-09T03:37:22.321Z"}
{"message":"listenning on port: 3000","level":"info","timestamp":"2021-07-09T03:37:51.862Z"}
{"message":"listenning on port: 3000","level":"info","timestamp":"2021-07-09T03:45:43.767Z"}
{"message":"listenning on port: 3000","level":"info","timestamp":"2021-07-09T03:49:09.263Z"}
{"message":"listenning on port: 3000","level":"info","timestamp":"2021-07-09T03:50:23.415Z"}
{"message":"listenning on port: 3000","level":"info","timestamp":"2021-07-09T03:52:13.854Z"}
{"message":"listenning on port: 3000","level":"info","timestamp":"2021-07-09T03:53:03.185Z"}
{"message":"listenning on port: 3000","level":"info","timestamp":"2021-07-09T03:55:15.974Z"}
{"message":"listenning on port: 3000","level":"info","timestamp":"2021-07-09T03:55:44.462Z"}
{"message":"listenning on port: 3000","level":"info","timestamp":"2021-07-09T03:56:31.911Z"}
{"message":"listenning on port: 3000","level":"info","timestamp":"2021-07-09T03:57:17.532Z"}
